2025-03-27 13:08:47,500 - INFO - ------------------------------------------------------------------------------------
2025-03-27 13:08:47,500 - INFO - Request received to filter data
2025-03-27 13:08:52,985 - INFO - ------------------------------------------------------------------------------------
2025-03-27 13:08:52,996 - INFO - Request received to filter data
2025-03-27 13:08:56,054 - INFO - Records found within the date range. Running reconciliation...
2025-03-27 13:08:56,054 - INFO - Records found within the date range. Running reconciliation...
2025-03-27 13:08:56,055 - INFO - Entering Reconciliation for Recharge Service
2025-03-27 13:08:56,055 - INFO - Entering Reconciliation for Recharge Service
2025-03-27 13:08:56,055 - INFO - Fetching data from HUB for Recharge
2025-03-27 13:08:56,056 - INFO - Fetching data from HUB for Recharge
2025-03-27 13:08:56,243 - INFO - Filteration Starts
2025-03-27 13:08:56,261 - INFO - Filteration Starts
2025-03-27 13:08:56,294 - INFO - Filteration Ends
2025-03-27 13:08:56,294 - INFO - Reconciliation Ends
2025-03-27 13:08:56,299 - INFO - Filteration Ends
2025-03-27 13:08:56,301 - INFO - Reconciliation Ends
2025-03-27 13:08:57,909 - INFO - Report successfully exported for Recharge
2025-03-27 13:08:57,910 - INFO - ----------------------------------------------------------------------------------
2025-03-27 13:08:57,955 - INFO - Report successfully exported for Recharge
2025-03-27 13:08:57,955 - INFO - ----------------------------------------------------------------------------------
