2025-05-15 11:25:44,026 - INFO - ------------------------------------------------------------------------------------
2025-05-15 11:25:44,026 - INFO - Request received to filter data
2025-05-15 11:25:44,028 - INFO - Entered Main Function...
2025-05-15 11:25:46,174 - INFO - Records found within the date range. Running reconciliation...
2025-05-15 11:25:46,175 - INFO - Entering Reconciliation for Recharge Service
2025-05-15 11:25:46,180 - INFO - Recharge service: Column 'REFID' renamed to 'REFID'
2025-05-15 11:25:46,181 - INFO - Fetching data from HUB for Recharge
2025-05-15 11:25:51,190 - INFO - Filteration Starts for Inward service Recharge
2025-05-15 11:25:51,417 - INFO - Filteration Ends
2025-05-15 11:25:51,420 - INFO - Reconciliation Ends
2025-05-15 11:25:52,593 - INFO - Report successfully exported for Recharge
2025-05-15 11:25:52,594 - INFO - ----------------------------------------------------------------------------------
2025-05-15 11:27:42,456 - INFO - ------------------------------------------------------------------------------------
2025-05-15 11:27:42,457 - INFO - Request received to filter data
2025-05-15 11:27:42,458 - INFO - Entered Main Function...
2025-05-15 11:27:44,087 - INFO - Records found within the date range. Running reconciliation...
2025-05-15 11:27:44,088 - INFO - Entering Reconciliation for Recharge Service
2025-05-15 11:27:44,091 - INFO - Recharge service: Column 'REFID' renamed to 'REFID'
2025-05-15 11:27:44,091 - INFO - Fetching data from HUB for Recharge
2025-05-15 11:27:47,724 - INFO - Filteration Starts for Inward service Recharge
2025-05-15 11:27:48,164 - INFO - Filteration Ends
2025-05-15 11:27:48,169 - INFO - Reconciliation Ends
2025-05-15 11:27:49,036 - INFO - Report successfully exported for Recharge
2025-05-15 11:27:49,036 - INFO - ----------------------------------------------------------------------------------
