2025-05-18 08:48:06,587 - INFO - Entered Main Function...
2025-05-18 08:48:07,436 - INFO - Records found within the date range. Running reconciliation...
2025-05-18 08:48:07,436 - INFO - Entering Reconciliation for Recharge Service
2025-05-18 08:48:07,438 - INFO - Recharge service: Column 'REFID' renamed to 'REFID'
2025-05-18 08:48:07,438 - INFO - Fetching data from HUB for Recharge
2025-05-18 08:48:11,978 - INFO - Filteration Starts for Inward service Recharge
2025-05-18 08:48:12,064 - ERROR - Error in main(): "['VEND_DATE', 'Tenant_status', 'AMOUNT', 'REFID', 'STATUS', 'TranAmountTotal', 'CreationTs', 'HVM_id', 'VendorSubServiceMappingId', 'Id'] not in index"
2025-05-18 08:48:23,868 - INFO - Entered Main Function...
2025-05-18 08:48:23,964 - INFO - Records found within the date range. Running reconciliation...
2025-05-18 08:48:23,964 - INFO - Entering Reconciliation for Recharge Service
2025-05-18 08:48:23,965 - INFO - Recharge service: Column 'REFID' renamed to 'REFID'
2025-05-18 08:48:23,965 - INFO - Fetching data from HUB for Recharge
2025-05-18 08:48:28,040 - INFO - Filteration Starts for Inward service Recharge
2025-05-18 08:48:28,274 - ERROR - Error in main(): "['VEND_DATE', 'Tenant_status', 'AMOUNT', 'REFID', 'STATUS', 'TranAmountTotal', 'CreationTs', 'HVM_id', 'VendorSubServiceMappingId', 'Id'] not in index"
2025-05-18 08:56:51,290 - INFO - Entered Main Function...
2025-05-18 08:56:52,101 - INFO - Records found within the date range. Running reconciliation...
2025-05-18 08:56:52,101 - INFO - Entering Reconciliation for Recharge Service
2025-05-18 08:56:52,103 - INFO - Recharge service: Column 'REFID' renamed to 'REFID'
2025-05-18 08:56:52,103 - INFO - Fetching data from HUB for Recharge
2025-05-18 08:56:56,271 - INFO - Filteration Starts for  service Recharge
2025-05-18 08:56:56,469 - INFO - Filteration Ends
2025-05-18 08:56:56,527 - INFO - Reconciliation Ends
2025-05-18 08:57:07,043 - INFO - Entered Main Function...
2025-05-18 08:57:07,093 - INFO - Records found within the date range. Running reconciliation...
2025-05-18 08:57:07,094 - INFO - Entering Reconciliation for Recharge Service
2025-05-18 08:57:07,095 - INFO - Recharge service: Column 'REFID' renamed to 'REFID'
2025-05-18 08:57:07,096 - INFO - Fetching data from HUB for Recharge
2025-05-18 08:57:10,778 - INFO - Filteration Starts for  service Recharge
2025-05-18 08:57:11,029 - INFO - Filteration Ends
2025-05-18 08:57:11,068 - INFO - Reconciliation Ends
2025-05-18 09:00:51,676 - INFO - Entered Main Function...
2025-05-18 09:00:52,395 - INFO - Records found within the date range. Running reconciliation...
2025-05-18 09:00:52,395 - INFO - Entering Reconciliation for Recharge Service
2025-05-18 09:00:52,398 - INFO - Recharge service: Column 'REFID' renamed to 'REFID'
2025-05-18 09:00:52,399 - INFO - Fetching data from HUB for Recharge
2025-05-18 09:00:56,254 - INFO - Filteration Starts for  service Recharge
2025-05-18 09:00:56,384 - INFO - Filteration Ends
2025-05-18 09:00:56,437 - INFO - Reconciliation Ends
2025-05-18 09:01:28,979 - INFO - Entered Main Function...
2025-05-18 09:01:29,625 - INFO - Records found within the date range. Running reconciliation...
2025-05-18 09:01:29,626 - INFO - Entering Reconciliation for Recharge Service
2025-05-18 09:01:29,627 - INFO - Recharge service: Column 'REFID' renamed to 'REFID'
2025-05-18 09:01:29,627 - INFO - Fetching data from HUB for Recharge
2025-05-18 09:01:33,514 - INFO - Filteration Starts for  service Recharge
2025-05-18 09:01:33,649 - INFO - Filteration Ends
2025-05-18 09:01:33,698 - INFO - Reconciliation Ends
2025-05-18 09:05:19,588 - INFO - Entered Main Function...
2025-05-18 09:05:20,049 - INFO - Records found within the date range. Running reconciliation...
2025-05-18 09:05:20,050 - INFO - Entering Reconciliation for Recharge Service
2025-05-18 09:05:20,050 - INFO - Recharge service: Column 'REFID' renamed to 'REFID'
2025-05-18 09:05:20,050 - INFO - Fetching data from HUB for Recharge
2025-05-18 09:05:23,902 - INFO - Filteration Starts for  service Recharge
2025-05-18 09:05:23,995 - INFO - Filteration Ends
2025-05-18 09:05:24,034 - INFO - Reconciliation Ends
2025-05-18 09:12:46,911 - INFO - Entered Main Function...
2025-05-18 09:12:46,964 - INFO - Records found within the date range. Running reconciliation...
2025-05-18 09:12:46,964 - INFO - Entering Reconciliation for Recharge Service
2025-05-18 09:12:46,965 - INFO - Recharge service: Column 'REFID' renamed to 'REFID'
2025-05-18 09:12:46,965 - INFO - Fetching data from HUB for Recharge
2025-05-18 09:12:46,966 - ERROR - Database error in recharge_Service(): Can't reconnect until invalid transaction is rolled back.  Please rollback() fully before proceeding (Background on this error at: https://sqlalche.me/e/20/8s2b)
2025-05-18 09:12:46,966 - ERROR - Error in main(): cannot access local variable 'result' where it is not associated with a value
2025-05-18 09:12:48,864 - INFO - Entered Main Function...
2025-05-18 09:12:48,949 - INFO - Records found within the date range. Running reconciliation...
2025-05-18 09:12:48,949 - INFO - Entering Reconciliation for Recharge Service
2025-05-18 09:12:48,950 - INFO - Recharge service: Column 'REFID' renamed to 'REFID'
2025-05-18 09:12:48,950 - INFO - Fetching data from HUB for Recharge
2025-05-18 09:12:52,874 - INFO - Filteration Starts for  service Recharge
2025-05-18 09:12:52,968 - INFO - Filteration Ends
2025-05-18 09:12:53,003 - INFO - Reconciliation Ends
2025-05-18 09:20:15,473 - INFO - Entered Main Function...
2025-05-18 09:20:15,551 - INFO - Records found within the date range. Running reconciliation...
2025-05-18 09:20:15,551 - INFO - Entering Reconciliation for Recharge Service
2025-05-18 09:20:15,552 - INFO - Recharge service: Column 'REFID' renamed to 'REFID'
2025-05-18 09:20:15,552 - INFO - Fetching data from HUB for Recharge
2025-05-18 09:20:15,554 - ERROR - Database error in recharge_Service(): Can't reconnect until invalid transaction is rolled back.  Please rollback() fully before proceeding (Background on this error at: https://sqlalche.me/e/20/8s2b)
2025-05-18 09:20:15,554 - ERROR - Error in main(): cannot access local variable 'result' where it is not associated with a value
2025-05-18 09:20:17,091 - INFO - Entered Main Function...
2025-05-18 09:20:17,174 - INFO - Records found within the date range. Running reconciliation...
2025-05-18 09:20:17,174 - INFO - Entering Reconciliation for Recharge Service
2025-05-18 09:20:17,175 - INFO - Recharge service: Column 'REFID' renamed to 'REFID'
2025-05-18 09:20:17,175 - INFO - Fetching data from HUB for Recharge
2025-05-18 09:20:20,947 - INFO - Filteration Starts for  service Recharge
2025-05-18 09:20:21,085 - INFO - Filteration Ends
2025-05-18 09:20:21,156 - INFO - Reconciliation Ends
2025-05-18 09:32:25,942 - INFO - Entered Main Function...
2025-05-18 09:32:26,023 - INFO - Records found within the date range. Running reconciliation...
2025-05-18 09:32:26,023 - INFO - Entering Reconciliation for Recharge Service
2025-05-18 09:32:26,024 - INFO - Recharge service: Column 'REFID' renamed to 'REFID'
2025-05-18 09:32:26,024 - INFO - Fetching data from HUB for Recharge
2025-05-18 09:32:26,026 - ERROR - Database error in recharge_Service(): Can't reconnect until invalid transaction is rolled back.  Please rollback() fully before proceeding (Background on this error at: https://sqlalche.me/e/20/8s2b)
2025-05-18 09:32:26,026 - ERROR - Error in main(): cannot access local variable 'result' where it is not associated with a value
2025-05-18 09:32:49,262 - INFO - Entered Main Function...
2025-05-18 09:32:49,315 - INFO - Records found within the date range. Running reconciliation...
2025-05-18 09:32:49,315 - INFO - Entering Reconciliation for Recharge Service
2025-05-18 09:32:49,316 - INFO - Recharge service: Column 'REFID' renamed to 'REFID'
2025-05-18 09:32:49,316 - INFO - Fetching data from HUB for Recharge
2025-05-18 09:32:53,053 - INFO - Filteration Starts for  service Recharge
2025-05-18 09:32:53,136 - INFO - Filteration Ends
2025-05-18 09:32:53,171 - INFO - Reconciliation Ends
2025-05-18 09:34:38,616 - INFO - Entered Main Function...
2025-05-18 09:34:38,708 - INFO - Records found within the date range. Running reconciliation...
2025-05-18 09:34:38,708 - INFO - Entering Reconciliation for Recharge Service
2025-05-18 09:34:38,709 - INFO - Recharge service: Column 'REFID' renamed to 'REFID'
2025-05-18 09:34:38,709 - INFO - Fetching data from HUB for Recharge
2025-05-18 09:34:38,710 - ERROR - Database error in recharge_Service(): Can't reconnect until invalid transaction is rolled back.  Please rollback() fully before proceeding (Background on this error at: https://sqlalche.me/e/20/8s2b)
2025-05-18 09:34:38,710 - ERROR - Error in main(): cannot access local variable 'result' where it is not associated with a value
2025-05-18 09:34:39,768 - INFO - Entered Main Function...
2025-05-18 09:34:39,875 - INFO - Records found within the date range. Running reconciliation...
2025-05-18 09:34:39,875 - INFO - Entering Reconciliation for Recharge Service
2025-05-18 09:34:39,881 - INFO - Recharge service: Column 'REFID' renamed to 'REFID'
2025-05-18 09:34:39,881 - INFO - Fetching data from HUB for Recharge
2025-05-18 09:34:44,011 - INFO - Filteration Starts for  service Recharge
2025-05-18 09:34:44,102 - INFO - Filteration Ends
2025-05-18 09:34:44,131 - INFO - Reconciliation Ends
2025-05-18 09:36:57,673 - INFO - Entered Main Function...
2025-05-18 09:36:58,602 - INFO - Records found within the date range. Running reconciliation...
2025-05-18 09:36:58,602 - INFO - Entering Reconciliation for Recharge Service
2025-05-18 09:36:58,603 - INFO - Recharge service: Column 'REFID' renamed to 'REFID'
2025-05-18 09:36:58,603 - INFO - Fetching data from HUB for Recharge
2025-05-18 09:37:02,602 - INFO - Filteration Starts for  service Recharge
2025-05-18 09:37:02,677 - ERROR - Error in main(): "['TranAmountTotal'] not in index"
2025-05-18 09:37:04,108 - INFO - Entered Main Function...
2025-05-18 09:37:04,195 - INFO - Records found within the date range. Running reconciliation...
2025-05-18 09:37:04,195 - INFO - Entering Reconciliation for Recharge Service
2025-05-18 09:37:04,196 - INFO - Recharge service: Column 'REFID' renamed to 'REFID'
2025-05-18 09:37:04,196 - INFO - Fetching data from HUB for Recharge
2025-05-18 09:37:08,470 - INFO - Filteration Starts for  service Recharge
2025-05-18 09:37:08,594 - ERROR - Error in main(): "['TranAmountTotal'] not in index"
2025-05-18 09:37:11,213 - INFO - Entered Main Function...
2025-05-18 09:37:11,293 - INFO - Records found within the date range. Running reconciliation...
2025-05-18 09:37:11,293 - INFO - Entering Reconciliation for Recharge Service
2025-05-18 09:37:11,294 - INFO - Recharge service: Column 'REFID' renamed to 'REFID'
2025-05-18 09:37:11,294 - INFO - Fetching data from HUB for Recharge
2025-05-18 09:37:14,999 - INFO - Filteration Starts for  service Recharge
2025-05-18 09:37:15,133 - ERROR - Error in main(): "['TranAmountTotal'] not in index"
2025-05-18 09:37:35,555 - INFO - Entered Main Function...
2025-05-18 09:37:35,628 - INFO - Records found within the date range. Running reconciliation...
2025-05-18 09:37:35,628 - INFO - Entering Reconciliation for Recharge Service
2025-05-18 09:37:35,630 - INFO - Recharge service: Column 'REFID' renamed to 'REFID'
2025-05-18 09:37:35,630 - INFO - Fetching data from HUB for Recharge
2025-05-18 09:37:39,363 - INFO - Filteration Starts for  service Recharge
2025-05-18 09:37:39,476 - ERROR - Error in main(): "['TranAmountTotal'] not in index"
2025-05-18 09:37:57,068 - INFO - Entered Main Function...
2025-05-18 09:37:57,205 - INFO - Records found within the date range. Running reconciliation...
2025-05-18 09:37:57,205 - INFO - Entering Reconciliation for Recharge Service
2025-05-18 09:37:57,208 - INFO - Recharge service: Column 'REFID' renamed to 'REFID'
2025-05-18 09:37:57,208 - INFO - Fetching data from HUB for Recharge
2025-05-18 09:38:00,831 - INFO - Filteration Starts for  service Recharge
2025-05-18 09:38:00,901 - ERROR - Error in main(): "['TranAmountTotal'] not in index"
2025-05-18 09:38:30,885 - INFO - Entered Main Function...
2025-05-18 09:38:31,667 - INFO - Records found within the date range. Running reconciliation...
2025-05-18 09:38:31,667 - INFO - Entering Reconciliation for Recharge Service
2025-05-18 09:38:31,668 - INFO - Recharge service: Column 'REFID' renamed to 'REFID'
2025-05-18 09:38:31,668 - INFO - Fetching data from HUB for Recharge
2025-05-18 09:38:35,513 - INFO - Filteration Starts for  service Recharge
2025-05-18 09:38:35,593 - ERROR - Error in main(): "['TranAmountTotal'] not in index"
2025-05-18 09:38:37,177 - INFO - Entered Main Function...
2025-05-18 09:38:37,240 - INFO - Records found within the date range. Running reconciliation...
2025-05-18 09:38:37,240 - INFO - Entering Reconciliation for Recharge Service
2025-05-18 09:38:37,241 - INFO - Recharge service: Column 'REFID' renamed to 'REFID'
2025-05-18 09:38:37,241 - INFO - Fetching data from HUB for Recharge
2025-05-18 09:38:40,880 - INFO - Filteration Starts for  service Recharge
2025-05-18 09:38:41,028 - ERROR - Error in main(): "['TranAmountTotal'] not in index"
2025-05-18 09:39:11,777 - INFO - Entered Main Function...
2025-05-18 09:39:12,174 - INFO - Records found within the date range. Running reconciliation...
2025-05-18 09:39:12,174 - INFO - Entering Reconciliation for Recharge Service
2025-05-18 09:39:12,175 - INFO - Recharge service: Column 'REFID' renamed to 'REFID'
2025-05-18 09:39:12,175 - INFO - Fetching data from HUB for Recharge
2025-05-18 09:39:16,080 - INFO - Filteration Starts for  service Recharge
2025-05-18 09:39:16,212 - INFO - Filteration Ends
2025-05-18 09:39:16,213 - INFO - Reconciliation Ends
2025-05-18 09:43:29,299 - INFO - Entered Main Function...
2025-05-18 09:43:29,877 - INFO - Records found within the date range. Running reconciliation...
2025-05-18 09:43:29,877 - INFO - Entering Reconciliation for Recharge Service
2025-05-18 09:43:29,878 - INFO - Recharge service: Column 'REFID' renamed to 'REFID'
2025-05-18 09:43:29,878 - INFO - Fetching data from HUB for Recharge
2025-05-18 09:43:34,029 - INFO - Filteration Starts for  service Recharge
2025-05-18 09:43:34,157 - INFO - Filteration Ends
2025-05-18 09:43:34,158 - INFO - Reconciliation Ends
2025-05-18 09:48:30,379 - INFO - Entered Main Function...
2025-05-18 09:48:31,232 - INFO - Records found within the date range. Running reconciliation...
2025-05-18 09:48:31,233 - INFO - Entering Reconciliation for Recharge Service
2025-05-18 09:48:31,234 - INFO - Recharge service: Column 'REFID' renamed to 'REFID'
2025-05-18 09:48:31,234 - INFO - Fetching data from HUB for Recharge
2025-05-18 09:48:35,158 - INFO - Filteration Starts for  service Recharge
2025-05-18 09:48:35,315 - INFO - Filteration Ends
2025-05-18 09:48:35,355 - INFO - Reconciliation Ends
2025-05-18 09:49:48,178 - INFO - Entered Main Function...
2025-05-18 09:49:48,867 - INFO - Records found within the date range. Running reconciliation...
2025-05-18 09:49:48,867 - INFO - Entering Reconciliation for Recharge Service
2025-05-18 09:49:48,868 - INFO - Recharge service: Column 'REFID' renamed to 'REFID'
2025-05-18 09:49:48,868 - INFO - Fetching data from HUB for Recharge
2025-05-18 09:49:52,717 - INFO - Filteration Starts for  service Recharge
2025-05-18 09:49:52,887 - ERROR - Error in main(): first argument must be an iterable of pandas objects, you passed an object of type "DataFrame"
2025-05-18 09:49:55,124 - INFO - Entered Main Function...
2025-05-18 09:49:55,210 - INFO - Records found within the date range. Running reconciliation...
2025-05-18 09:49:55,210 - INFO - Entering Reconciliation for Recharge Service
2025-05-18 09:49:55,214 - INFO - Recharge service: Column 'REFID' renamed to 'REFID'
2025-05-18 09:49:55,214 - INFO - Fetching data from HUB for Recharge
2025-05-18 09:49:58,850 - INFO - Filteration Starts for  service Recharge
2025-05-18 09:49:58,997 - ERROR - Error in main(): first argument must be an iterable of pandas objects, you passed an object of type "DataFrame"
2025-05-18 09:57:03,183 - INFO - Entered Main Function...
2025-05-18 09:57:03,871 - INFO - Records found within the date range. Running reconciliation...
2025-05-18 09:57:03,871 - INFO - Entering Reconciliation for Recharge Service
2025-05-18 09:57:03,872 - INFO - Recharge service: Column 'REFID' renamed to 'REFID'
2025-05-18 09:57:03,872 - INFO - Fetching data from HUB for Recharge
2025-05-18 09:57:07,782 - INFO - Filteration Starts for  service Recharge
2025-05-18 09:57:07,885 - INFO - Filteration Ends
2025-05-18 09:57:07,922 - INFO - Reconciliation Ends
2025-05-18 09:57:30,709 - INFO - Entered Main Function...
2025-05-18 09:57:30,778 - INFO - Records found within the date range. Running reconciliation...
2025-05-18 09:57:30,778 - INFO - Entering Reconciliation for Recharge Service
2025-05-18 09:57:30,784 - INFO - Recharge service: Column 'REFID' renamed to 'REFID'
2025-05-18 09:57:30,784 - INFO - Fetching data from HUB for Recharge
2025-05-18 09:57:34,430 - INFO - Filteration Starts for  service Recharge
2025-05-18 09:57:34,503 - INFO - Filteration Ends
2025-05-18 09:57:34,533 - INFO - Reconciliation Ends
2025-05-18 10:04:50,477 - INFO - Entered Main Function...
2025-05-18 10:04:51,288 - INFO - Records found within the date range. Running reconciliation...
2025-05-18 10:04:51,289 - INFO - Entering Reconciliation for Recharge Service
2025-05-18 10:04:51,290 - INFO - Recharge service: Column 'REFID' renamed to 'REFID'
2025-05-18 10:04:51,290 - INFO - Fetching data from HUB for Recharge
2025-05-18 10:04:55,167 - INFO - Filteration Starts for  service Recharge
2025-05-18 10:04:55,377 - INFO - Filteration Ends
2025-05-18 10:04:55,423 - INFO - Reconciliation Ends
2025-05-18 10:05:04,524 - INFO - Entered Main Function...
2025-05-18 10:05:04,584 - INFO - Records found within the date range. Running reconciliation...
2025-05-18 10:05:04,584 - INFO - Entering Reconciliation for Recharge Service
2025-05-18 10:05:04,586 - INFO - Recharge service: Column 'REFID' renamed to 'REFID'
2025-05-18 10:05:04,586 - INFO - Fetching data from HUB for Recharge
2025-05-18 10:05:08,162 - INFO - Filteration Starts for  service Recharge
2025-05-18 10:05:08,373 - INFO - Filteration Ends
2025-05-18 10:05:08,436 - INFO - Reconciliation Ends
2025-05-18 11:10:01,475 - INFO - Entered Main Function...
2025-05-18 11:10:01,530 - INFO - Records found within the date range. Running reconciliation...
2025-05-18 11:10:01,530 - INFO - Entering Reconciliation for Recharge Service
2025-05-18 11:10:01,531 - INFO - Recharge service: Column 'REFID' renamed to 'REFID'
2025-05-18 11:10:01,531 - INFO - Fetching data from HUB for Recharge
2025-05-18 11:10:01,532 - ERROR - Database error in recharge_Service(): Can't reconnect until invalid transaction is rolled back.  Please rollback() fully before proceeding (Background on this error at: https://sqlalche.me/e/20/8s2b)
2025-05-18 11:10:01,532 - ERROR - Error in main(): cannot access local variable 'result' where it is not associated with a value
2025-05-18 11:10:05,962 - INFO - Entered Main Function...
2025-05-18 11:10:06,005 - INFO - Records found within the date range. Running reconciliation...
2025-05-18 11:10:06,005 - INFO - Entering Reconciliation for Recharge Service
2025-05-18 11:10:06,006 - INFO - Recharge service: Column 'REFID' renamed to 'REFID'
2025-05-18 11:10:06,006 - INFO - Fetching data from HUB for Recharge
2025-05-18 11:10:09,945 - INFO - Filteration Starts for  service Recharge
2025-05-18 11:10:10,033 - INFO - Filteration Ends
2025-05-18 11:10:10,044 - INFO - Reconciliation Ends
2025-05-18 11:20:53,250 - INFO - Entered Main Function...
2025-05-18 11:20:53,663 - INFO - Records found within the date range. Running reconciliation...
2025-05-18 11:20:53,663 - INFO - Entering Reconciliation for Recharge Service
2025-05-18 11:20:53,663 - INFO - Recharge service: Column 'REFID' renamed to 'REFID'
2025-05-18 11:20:53,664 - INFO - Fetching data from HUB for Recharge
2025-05-18 11:20:57,576 - INFO - Filteration Starts for  service Recharge
2025-05-18 11:20:57,669 - INFO - Filteration Ends
2025-05-18 11:20:57,682 - INFO - Reconciliation Ends
2025-05-18 11:23:24,300 - INFO - Entered Main Function...
2025-05-18 11:23:24,360 - WARNING - No records found within the given date range!
2025-05-18 11:23:58,264 - INFO - Entered Main Function...
2025-05-18 11:23:58,336 - WARNING - No records found within the given date range!
2025-05-18 11:23:59,498 - INFO - Entered Main Function...
2025-05-18 11:23:59,561 - WARNING - No records found within the given date range!
2025-05-18 11:24:01,088 - INFO - Entered Main Function...
2025-05-18 11:24:01,143 - WARNING - No records found within the given date range!
2025-05-18 11:24:43,127 - INFO - Entered Main Function...
2025-05-18 11:24:43,171 - WARNING - No records found within the given date range!
2025-05-18 11:24:43,393 - INFO - Entered Main Function...
2025-05-18 11:24:43,448 - WARNING - No records found within the given date range!
2025-05-18 11:26:27,468 - INFO - Entered Main Function...
2025-05-18 11:26:27,504 - WARNING - No records found within the given date range!
2025-05-18 11:26:41,538 - INFO - Entered Main Function...
2025-05-18 11:26:41,603 - WARNING - No records found within the given date range!
2025-05-18 11:30:27,306 - INFO - Entered Main Function...
2025-05-18 11:30:27,363 - WARNING - No records found within the given date range!
2025-05-18 11:30:35,132 - INFO - Entered Main Function...
2025-05-18 11:30:35,188 - WARNING - No records found within the given date range!
2025-05-18 11:31:03,058 - INFO - Entered Main Function...
2025-05-18 11:31:03,122 - WARNING - No records found within the given date range!
2025-05-18 11:31:12,890 - INFO - Entered Main Function...
2025-05-18 11:31:12,942 - WARNING - No records found within the given date range!
2025-05-18 11:31:21,593 - INFO - Entered Main Function...
2025-05-18 11:31:21,660 - WARNING - No records found within the given date range!
2025-05-18 11:32:45,505 - INFO - Entered Main Function...
2025-05-18 11:32:45,567 - WARNING - No records found within the given date range!
2025-05-18 11:33:05,382 - INFO - Entered Main Function...
2025-05-18 11:33:05,424 - WARNING - No records found within the given date range!
2025-05-18 11:34:49,863 - INFO - Entered Main Function...
2025-05-18 11:34:49,922 - WARNING - No records found within the given date range!
2025-05-18 11:35:37,900 - INFO - Entered Main Function...
2025-05-18 11:35:37,960 - WARNING - No records found within the given date range!
2025-05-18 11:38:53,156 - INFO - Entered Main Function...
2025-05-18 11:38:53,189 - WARNING - No records found within the given date range!
2025-05-18 11:38:59,670 - INFO - Entered Main Function...
2025-05-18 11:38:59,776 - WARNING - No records found within the given date range!
2025-05-18 11:39:02,049 - INFO - Entered Main Function...
2025-05-18 11:39:02,080 - WARNING - No records found within the given date range!
2025-05-18 11:39:03,251 - INFO - Entered Main Function...
2025-05-18 11:39:03,305 - WARNING - No records found within the given date range!
2025-05-18 11:39:04,404 - INFO - Entered Main Function...
2025-05-18 11:39:04,445 - WARNING - No records found within the given date range!
2025-05-18 11:39:12,084 - INFO - Entered Main Function...
2025-05-18 11:39:12,145 - WARNING - No records found within the given date range!
2025-05-18 11:39:13,444 - INFO - Entered Main Function...
2025-05-18 11:39:13,508 - WARNING - No records found within the given date range!
2025-05-18 11:39:14,242 - INFO - Entered Main Function...
2025-05-18 11:39:14,294 - WARNING - No records found within the given date range!
2025-05-18 11:39:15,257 - INFO - Entered Main Function...
2025-05-18 11:39:15,313 - WARNING - No records found within the given date range!
2025-05-18 11:39:36,554 - INFO - Entered Main Function...
2025-05-18 11:39:36,622 - WARNING - No records found within the given date range!
2025-05-18 11:39:45,101 - INFO - Entered Main Function...
2025-05-18 11:39:45,179 - WARNING - No records found within the given date range!
2025-05-18 11:39:46,943 - INFO - Entered Main Function...
2025-05-18 11:39:46,989 - WARNING - No records found within the given date range!
2025-05-18 11:39:48,121 - INFO - Entered Main Function...
2025-05-18 11:39:48,182 - WARNING - No records found within the given date range!
2025-05-18 11:40:23,360 - INFO - Entered Main Function...
2025-05-18 11:40:23,398 - WARNING - No records found within the given date range!
2025-05-18 11:40:30,031 - INFO - Entered Main Function...
2025-05-18 11:40:30,092 - WARNING - No records found within the given date range!
2025-05-18 11:40:39,284 - INFO - Entered Main Function...
2025-05-18 11:40:39,341 - WARNING - No records found within the given date range!
2025-05-18 11:40:46,204 - INFO - Entered Main Function...
2025-05-18 11:40:46,262 - WARNING - No records found within the given date range!
2025-05-18 11:40:52,307 - INFO - Entered Main Function...
2025-05-18 11:40:52,364 - INFO - Records found within the date range. Running reconciliation...
2025-05-18 11:40:52,364 - INFO - Entering Reconciliation for Recharge Service
2025-05-18 11:40:52,365 - INFO - Recharge service: Column 'REFID' renamed to 'REFID'
2025-05-18 11:40:52,365 - INFO - Fetching data from HUB for Recharge
2025-05-18 11:40:52,367 - ERROR - Database error in recharge_Service(): Can't reconnect until invalid transaction is rolled back.  Please rollback() fully before proceeding (Background on this error at: https://sqlalche.me/e/20/8s2b)
2025-05-18 11:40:52,368 - ERROR - Error in main(): cannot access local variable 'result' where it is not associated with a value
2025-05-18 11:40:53,964 - INFO - Entered Main Function...
2025-05-18 11:40:54,028 - INFO - Records found within the date range. Running reconciliation...
2025-05-18 11:40:54,028 - INFO - Entering Reconciliation for Recharge Service
2025-05-18 11:40:54,028 - INFO - Recharge service: Column 'REFID' renamed to 'REFID'
2025-05-18 11:40:54,028 - INFO - Fetching data from HUB for Recharge
2025-05-18 11:40:58,374 - INFO - Filteration Starts for  service Recharge
2025-05-18 11:40:58,452 - INFO - Filteration Ends
2025-05-18 11:40:58,466 - INFO - Reconciliation Ends
2025-05-18 11:42:07,564 - INFO - Entered Main Function...
2025-05-18 11:42:07,631 - WARNING - No records found within the given date range!
2025-05-18 11:42:11,842 - INFO - Entered Main Function...
2025-05-18 11:42:11,917 - WARNING - No records found within the given date range!
2025-05-18 11:42:31,326 - INFO - Entered Main Function...
2025-05-18 11:42:31,408 - WARNING - No records found within the given date range!
2025-05-18 11:42:32,286 - INFO - Entered Main Function...
2025-05-18 11:42:32,332 - WARNING - No records found within the given date range!
2025-05-18 11:42:33,320 - INFO - Entered Main Function...
2025-05-18 11:42:33,360 - WARNING - No records found within the given date range!
2025-05-18 11:42:34,124 - INFO - Entered Main Function...
2025-05-18 11:42:34,183 - WARNING - No records found within the given date range!
2025-05-18 11:42:35,279 - INFO - Entered Main Function...
2025-05-18 11:42:35,314 - WARNING - No records found within the given date range!
2025-05-18 11:42:40,840 - INFO - Entered Main Function...
2025-05-18 11:42:40,898 - WARNING - No records found within the given date range!
2025-05-18 11:42:42,499 - INFO - Entered Main Function...
2025-05-18 11:42:42,553 - WARNING - No records found within the given date range!
2025-05-18 11:43:18,209 - INFO - Entered Main Function...
2025-05-18 11:43:18,268 - WARNING - No records found within the given date range!
2025-05-18 11:45:27,563 - INFO - Entered Main Function...
2025-05-18 11:45:27,628 - WARNING - No records found within the given date range!
2025-05-18 11:45:42,079 - INFO - Entered Main Function...
2025-05-18 11:45:42,135 - WARNING - No records found within the given date range!
2025-05-18 11:45:43,639 - INFO - Entered Main Function...
2025-05-18 11:45:43,683 - WARNING - No records found within the given date range!
2025-05-18 11:45:51,902 - INFO - Entered Main Function...
2025-05-18 11:45:51,968 - WARNING - No records found within the given date range!
2025-05-18 11:49:06,770 - INFO - Entered Main Function...
2025-05-18 11:49:06,852 - WARNING - No records found within the given date range!
2025-05-18 11:49:53,738 - INFO - Entered Main Function...
2025-05-18 11:49:53,791 - WARNING - No records found within the given date range!
2025-05-18 11:50:00,156 - INFO - Entered Main Function...
2025-05-18 11:50:00,265 - WARNING - No records found within the given date range!
2025-05-18 11:50:01,809 - INFO - Entered Main Function...
2025-05-18 11:50:01,865 - WARNING - No records found within the given date range!
2025-05-18 11:50:03,663 - INFO - Entered Main Function...
2025-05-18 11:50:03,722 - WARNING - No records found within the given date range!
2025-05-18 11:50:35,197 - INFO - Entered Main Function...
2025-05-18 11:50:35,251 - WARNING - No records found within the given date range!
2025-05-18 11:50:37,956 - INFO - Entered Main Function...
2025-05-18 11:50:38,039 - WARNING - No records found within the given date range!
2025-05-18 11:50:43,074 - INFO - Entered Main Function...
2025-05-18 11:50:43,126 - WARNING - No records found within the given date range!
2025-05-18 11:50:49,200 - INFO - Entered Main Function...
2025-05-18 11:50:49,279 - WARNING - No records found within the given date range!
2025-05-18 11:51:26,838 - INFO - Entered Main Function...
2025-05-18 11:51:26,926 - WARNING - No records found within the given date range!
2025-05-18 11:51:33,335 - INFO - Entered Main Function...
2025-05-18 11:51:33,398 - INFO - Records found within the date range. Running reconciliation...
2025-05-18 11:51:33,398 - INFO - Entering Reconciliation for Recharge Service
2025-05-18 11:51:33,399 - INFO - Recharge service: Column 'REFID' renamed to 'REFID'
2025-05-18 11:51:33,400 - INFO - Fetching data from HUB for Recharge
2025-05-18 11:51:33,402 - ERROR - Database error in recharge_Service(): Can't reconnect until invalid transaction is rolled back.  Please rollback() fully before proceeding (Background on this error at: https://sqlalche.me/e/20/8s2b)
2025-05-18 11:51:33,402 - ERROR - Error in main(): cannot access local variable 'result' where it is not associated with a value
2025-05-18 11:51:36,586 - INFO - Entered Main Function...
2025-05-18 11:51:36,734 - INFO - Records found within the date range. Running reconciliation...
2025-05-18 11:51:36,734 - INFO - Entering Reconciliation for Recharge Service
2025-05-18 11:51:36,735 - INFO - Recharge service: Column 'REFID' renamed to 'REFID'
2025-05-18 11:51:36,735 - INFO - Fetching data from HUB for Recharge
2025-05-18 11:51:40,500 - INFO - Filteration Starts for  service Recharge
2025-05-18 11:51:40,620 - INFO - Filteration Ends
2025-05-18 11:51:40,650 - INFO - Reconciliation Ends
2025-05-18 11:51:43,673 - INFO - Entered Main Function...
2025-05-18 11:51:43,714 - INFO - Records found within the date range. Running reconciliation...
2025-05-18 11:51:43,714 - INFO - Entering Reconciliation for Recharge Service
2025-05-18 11:51:43,715 - INFO - Recharge service: Column 'REFID' renamed to 'REFID'
2025-05-18 11:51:43,715 - INFO - Fetching data from HUB for Recharge
2025-05-18 11:51:47,668 - INFO - Filteration Starts for  service Recharge
2025-05-18 11:51:47,780 - INFO - Filteration Ends
2025-05-18 11:51:47,812 - INFO - Reconciliation Ends
2025-05-18 11:52:11,924 - INFO - Entered Main Function...
2025-05-18 11:52:11,999 - INFO - Records found within the date range. Running reconciliation...
2025-05-18 11:52:11,999 - INFO - Entering Reconciliation for Recharge Service
2025-05-18 11:52:12,000 - INFO - Recharge service: Column 'REFID' renamed to 'REFID'
2025-05-18 11:52:12,000 - INFO - Fetching data from HUB for Recharge
2025-05-18 11:52:15,319 - INFO - Filteration Starts for  service Recharge
2025-05-18 11:52:15,439 - INFO - Filteration Ends
2025-05-18 11:52:15,469 - INFO - Reconciliation Ends
2025-05-18 11:52:29,821 - INFO - Entered Main Function...
2025-05-18 11:52:29,875 - WARNING - No records found within the given date range!
2025-05-18 11:52:41,575 - INFO - Entered Main Function...
2025-05-18 11:52:41,659 - INFO - Records found within the date range. Running reconciliation...
2025-05-18 11:52:41,659 - INFO - Entering Reconciliation for Recharge Service
2025-05-18 11:52:41,660 - INFO - Recharge service: Column 'REFID' renamed to 'REFID'
2025-05-18 11:52:41,660 - INFO - Fetching data from HUB for Recharge
2025-05-18 11:52:46,493 - ERROR - Database error in recharge_Service(): (pymysql.err.OperationalError) (2013, 'Lost connection to MySQL server during query')
(Background on this error at: https://sqlalche.me/e/20/e3q8)
2025-05-18 11:52:46,494 - INFO - Filteration Starts for  service Recharge
2025-05-18 11:52:46,579 - INFO - Filteration Ends
2025-05-18 11:52:46,610 - INFO - Reconciliation Ends
2025-05-18 11:54:28,762 - INFO - Entered Main Function...
2025-05-18 11:54:28,821 - WARNING - No records found within the given date range!
2025-05-18 12:07:21,037 - INFO - Entered Main Function...
2025-05-18 12:07:21,137 - WARNING - No records found within the given date range!
2025-05-18 12:07:46,887 - INFO - Entered Main Function...
2025-05-18 12:07:46,943 - INFO - Records found within the date range. Running reconciliation...
2025-05-18 12:07:46,943 - INFO - Entering Reconciliation for Recharge Service
2025-05-18 12:07:46,944 - INFO - Recharge service: Column 'REFID' renamed to 'REFID'
2025-05-18 12:07:46,944 - INFO - Fetching data from HUB for Recharge
2025-05-18 12:07:50,734 - INFO - Filteration Starts for  service Recharge
2025-05-18 12:07:50,855 - INFO - Filteration Ends
2025-05-18 12:07:50,886 - INFO - Reconciliation Ends
2025-05-18 12:07:56,980 - INFO - Entered Main Function...
2025-05-18 12:07:57,100 - WARNING - No records found within the given date range!
2025-05-18 12:08:11,559 - INFO - Entered Main Function...
2025-05-18 12:08:11,617 - WARNING - No records found within the given date range!
2025-05-18 12:08:20,509 - INFO - Entered Main Function...
2025-05-18 12:08:20,574 - WARNING - No records found within the given date range!
2025-05-18 12:08:25,790 - INFO - Entered Main Function...
2025-05-18 12:08:25,858 - WARNING - No records found within the given date range!
2025-05-18 12:10:41,458 - INFO - Entered Main Function...
2025-05-18 12:10:41,530 - WARNING - No records found within the given date range!
2025-05-18 12:10:53,661 - INFO - Entered Main Function...
2025-05-18 12:10:53,732 - WARNING - No records found within the given date range!
2025-05-18 12:11:07,953 - INFO - Entered Main Function...
2025-05-18 12:11:08,050 - WARNING - No records found within the given date range!
2025-05-18 12:11:16,333 - INFO - Entered Main Function...
2025-05-18 12:11:16,416 - WARNING - No records found within the given date range!
2025-05-18 12:11:29,934 - INFO - Entered Main Function...
2025-05-18 12:11:30,013 - WARNING - No records found within the given date range!
2025-05-18 12:11:41,888 - INFO - Entered Main Function...
2025-05-18 12:11:41,953 - INFO - Records found within the date range. Running reconciliation...
2025-05-18 12:11:41,953 - INFO - Entering Reconciliation for Recharge Service
2025-05-18 12:11:41,954 - INFO - Recharge service: Column 'REFID' renamed to 'REFID'
2025-05-18 12:11:41,955 - INFO - Fetching data from HUB for Recharge
2025-05-18 12:11:41,955 - ERROR - Database error in recharge_Service(): Can't reconnect until invalid transaction is rolled back.  Please rollback() fully before proceeding (Background on this error at: https://sqlalche.me/e/20/8s2b)
2025-05-18 12:11:41,956 - ERROR - Error in main(): cannot access local variable 'result' where it is not associated with a value
2025-05-18 12:12:18,136 - INFO - Entered Main Function...
2025-05-18 12:12:18,229 - INFO - Records found within the date range. Running reconciliation...
2025-05-18 12:12:18,229 - INFO - Entering Reconciliation for Recharge Service
2025-05-18 12:12:18,230 - INFO - Recharge service: Column 'REFID' renamed to 'REFID'
2025-05-18 12:12:18,230 - INFO - Fetching data from HUB for Recharge
2025-05-18 12:12:21,995 - INFO - Filteration Starts for  service Recharge
2025-05-18 12:12:22,114 - INFO - Filteration Ends
2025-05-18 12:12:22,141 - INFO - Reconciliation Ends
2025-05-18 12:15:56,654 - INFO - Entered Main Function...
2025-05-18 12:15:56,760 - INFO - Records found within the date range. Running reconciliation...
2025-05-18 12:15:56,761 - INFO - Entering Reconciliation for Recharge Service
2025-05-18 12:15:56,761 - INFO - Recharge service: Column 'REFID' renamed to 'REFID'
2025-05-18 12:15:56,762 - INFO - Fetching data from HUB for Recharge
2025-05-18 12:15:56,763 - ERROR - Database error in recharge_Service(): Can't reconnect until invalid transaction is rolled back.  Please rollback() fully before proceeding (Background on this error at: https://sqlalche.me/e/20/8s2b)
2025-05-18 12:15:56,763 - ERROR - Error in main(): cannot access local variable 'result' where it is not associated with a value
2025-05-18 12:16:11,374 - INFO - Entered Main Function...
2025-05-18 12:16:11,443 - INFO - Records found within the date range. Running reconciliation...
2025-05-18 12:16:11,443 - INFO - Entering Reconciliation for Recharge Service
2025-05-18 12:16:11,444 - INFO - Recharge service: Column 'REFID' renamed to 'REFID'
2025-05-18 12:16:11,444 - INFO - Fetching data from HUB for Recharge
2025-05-18 12:16:14,752 - INFO - Filteration Starts for  service Recharge
2025-05-18 12:16:14,852 - INFO - Filteration Ends
2025-05-18 12:16:14,884 - INFO - Reconciliation Ends
2025-05-18 12:16:32,241 - INFO - Entered Main Function...
2025-05-18 12:16:32,330 - INFO - Records found within the date range. Running reconciliation...
2025-05-18 12:16:32,330 - INFO - Entering Reconciliation for Recharge Service
2025-05-18 12:16:32,331 - INFO - Recharge service: Column 'REFID' renamed to 'REFID'
2025-05-18 12:16:32,331 - INFO - Fetching data from HUB for Recharge
2025-05-18 12:16:35,443 - INFO - Filteration Starts for  service Recharge
2025-05-18 12:16:35,555 - INFO - Filteration Ends
2025-05-18 12:16:35,576 - INFO - Reconciliation Ends
2025-05-18 12:16:55,879 - INFO - Entered Main Function...
2025-05-18 12:16:55,929 - INFO - Records found within the date range. Running reconciliation...
2025-05-18 12:16:55,929 - INFO - Entering Reconciliation for Recharge Service
2025-05-18 12:16:55,930 - INFO - Recharge service: Column 'REFID' renamed to 'REFID'
2025-05-18 12:16:55,930 - INFO - Fetching data from HUB for Recharge
2025-05-18 12:16:59,613 - INFO - Filteration Starts for  service Recharge
2025-05-18 12:16:59,750 - INFO - Filteration Ends
2025-05-18 12:16:59,782 - INFO - Reconciliation Ends
2025-05-18 12:19:48,952 - INFO - Entered Main Function...
2025-05-18 12:19:49,042 - INFO - Records found within the date range. Running reconciliation...
2025-05-18 12:19:49,042 - INFO - Entering Reconciliation for Recharge Service
2025-05-18 12:19:49,043 - INFO - Recharge service: Column 'REFID' renamed to 'REFID'
2025-05-18 12:19:49,043 - INFO - Fetching data from HUB for Recharge
2025-05-18 12:19:49,044 - ERROR - Database error in recharge_Service(): Can't reconnect until invalid transaction is rolled back.  Please rollback() fully before proceeding (Background on this error at: https://sqlalche.me/e/20/8s2b)
2025-05-18 12:19:49,044 - ERROR - Error in main(): cannot access local variable 'result' where it is not associated with a value
2025-05-18 12:19:51,472 - INFO - Entered Main Function...
2025-05-18 12:19:51,557 - INFO - Records found within the date range. Running reconciliation...
2025-05-18 12:19:51,557 - INFO - Entering Reconciliation for Recharge Service
2025-05-18 12:19:51,558 - INFO - Recharge service: Column 'REFID' renamed to 'REFID'
2025-05-18 12:19:51,558 - INFO - Fetching data from HUB for Recharge
2025-05-18 12:19:56,961 - INFO - Filteration Starts for  service Recharge
2025-05-18 12:19:57,090 - INFO - Filteration Ends
2025-05-18 12:19:57,120 - INFO - Reconciliation Ends
2025-05-18 12:21:45,258 - INFO - Entered Main Function...
2025-05-18 12:21:45,452 - INFO - Records found within the date range. Running reconciliation...
2025-05-18 12:21:45,452 - INFO - Entering Reconciliation for Recharge Service
2025-05-18 12:21:45,457 - INFO - Recharge service: Column 'REFID' renamed to 'REFID'
2025-05-18 12:21:45,457 - INFO - Fetching data from HUB for Recharge
2025-05-18 12:21:45,459 - ERROR - Database error in recharge_Service(): Can't reconnect until invalid transaction is rolled back.  Please rollback() fully before proceeding (Background on this error at: https://sqlalche.me/e/20/8s2b)
2025-05-18 12:21:45,459 - ERROR - Error in main(): cannot access local variable 'result' where it is not associated with a value
2025-05-18 12:21:49,229 - INFO - Entered Main Function...
2025-05-18 12:21:49,301 - INFO - Records found within the date range. Running reconciliation...
2025-05-18 12:21:49,301 - INFO - Entering Reconciliation for Recharge Service
2025-05-18 12:21:49,303 - INFO - Recharge service: Column 'REFID' renamed to 'REFID'
2025-05-18 12:21:49,303 - INFO - Fetching data from HUB for Recharge
2025-05-18 12:21:54,618 - INFO - Filteration Starts for  service Recharge
2025-05-18 12:21:54,741 - INFO - Filteration Ends
2025-05-18 12:21:54,771 - INFO - Reconciliation Ends
2025-05-18 12:24:19,561 - INFO - Entered Main Function...
2025-05-18 12:24:19,652 - INFO - Records found within the date range. Running reconciliation...
2025-05-18 12:24:19,652 - INFO - Entering Reconciliation for Recharge Service
2025-05-18 12:24:19,652 - INFO - Recharge service: Column 'REFID' renamed to 'REFID'
2025-05-18 12:24:19,652 - INFO - Fetching data from HUB for Recharge
2025-05-18 12:24:19,653 - ERROR - Database error in recharge_Service(): Can't reconnect until invalid transaction is rolled back.  Please rollback() fully before proceeding (Background on this error at: https://sqlalche.me/e/20/8s2b)
2025-05-18 12:24:19,653 - ERROR - Error in main(): cannot access local variable 'result' where it is not associated with a value
2025-05-18 12:24:25,005 - INFO - Entered Main Function...
2025-05-18 12:24:25,064 - INFO - Records found within the date range. Running reconciliation...
2025-05-18 12:24:25,064 - INFO - Entering Reconciliation for Recharge Service
2025-05-18 12:24:25,065 - INFO - Recharge service: Column 'REFID' renamed to 'REFID'
2025-05-18 12:24:25,065 - INFO - Fetching data from HUB for Recharge
2025-05-18 12:24:30,382 - INFO - Filteration Starts for  service Recharge
2025-05-18 12:24:30,543 - INFO - Filteration Ends
2025-05-18 12:24:30,588 - INFO - Reconciliation Ends
