2025-04-23 10:56:14,577 - INFO - ------------------------------------------------------------------------------------
2025-04-23 10:56:14,577 - INFO - Request received to filter data
2025-04-23 10:56:17,620 - INFO - Records found within the date range. Running reconciliation...
2025-04-23 10:56:17,620 - INFO - Entering Reconciliation for Aeps Service
2025-04-23 10:56:17,620 - INFO - Fetching data from HUB for Aeps
2025-04-23 10:56:18,380 - INFO - Filteration Starts
2025-04-23 10:56:18,589 - ERROR - Error in filter_data(): 'status'
2025-04-23 10:56:18,850 - INFO - ------------------------------------------------------------------------------------
2025-04-23 10:56:18,850 - INFO - Request received to filter data
2025-04-23 10:56:18,891 - INFO - Records found within the date range. Running reconciliation...
2025-04-23 10:56:18,892 - INFO - Entering Reconciliation for Aeps Service
2025-04-23 10:56:18,892 - INFO - Fetching data from HUB for Aeps
2025-04-23 10:56:18,957 - INFO - Filteration Starts
2025-04-23 10:56:19,000 - ERROR - Error in filter_data(): 'status'
2025-04-23 10:56:55,053 - INFO - ------------------------------------------------------------------------------------
2025-04-23 10:56:55,055 - INFO - Request received to filter data
2025-04-23 10:56:55,097 - INFO - Records found within the date range. Running reconciliation...
2025-04-23 10:56:55,098 - INFO - Entering Reconciliation for Aeps Service
2025-04-23 10:56:55,098 - INFO - Fetching data from HUB for Aeps
2025-04-23 10:56:55,215 - ERROR - Error in filter_data(): 'status'
2025-04-23 11:27:26,026 - INFO - ------------------------------------------------------------------------------------
2025-04-23 11:27:26,027 - INFO - Request received to filter data
2025-04-23 11:27:26,530 - INFO - Records found within the date range. Running reconciliation...
2025-04-23 11:27:26,531 - INFO - Entering Reconciliation for Aeps Service
2025-04-23 11:27:26,531 - INFO - Fetching data from HUB for Aeps
2025-04-23 11:27:27,401 - INFO - Filteration Starts
2025-04-23 11:27:27,481 - ERROR - Error in filter_data(): 'status'
2025-04-23 11:29:36,934 - INFO - ------------------------------------------------------------------------------------
2025-04-23 11:29:36,935 - INFO - Request received to filter data
2025-04-23 11:29:37,783 - INFO - Records found within the date range. Running reconciliation...
2025-04-23 11:29:37,783 - INFO - Entering Reconciliation for Recharge Service
2025-04-23 11:29:37,783 - INFO - Fetching data from HUB for Recharge
2025-04-23 11:29:38,057 - INFO - Filteration Starts
2025-04-23 11:29:38,100 - INFO - Filteration Ends
2025-04-23 11:29:38,100 - INFO - Reconciliation Ends
2025-04-23 11:29:38,645 - INFO - Report successfully exported for Recharge
2025-04-23 11:29:38,645 - INFO - ----------------------------------------------------------------------------------
2025-04-23 11:32:35,991 - INFO - ------------------------------------------------------------------------------------
2025-04-23 11:32:35,992 - INFO - Request received to filter data
2025-04-23 11:32:37,155 - INFO - Records found within the date range. Running reconciliation...
2025-04-23 11:32:37,155 - INFO - Entering Reconciliation for Recharge Service
2025-04-23 11:32:37,156 - INFO - Fetching data from HUB for Recharge
2025-04-23 11:32:37,702 - INFO - Filteration Starts
2025-04-23 11:32:37,722 - INFO - Filteration Ends
2025-04-23 11:32:37,722 - INFO - Reconciliation Ends
2025-04-23 11:32:37,869 - INFO - Report successfully exported for Recharge
2025-04-23 11:32:37,869 - INFO - ----------------------------------------------------------------------------------
2025-04-23 11:41:35,771 - INFO - ------------------------------------------------------------------------------------
2025-04-23 11:41:35,772 - INFO - Request received to filter data
2025-04-23 11:41:36,545 - INFO - Records found within the date range. Running reconciliation...
2025-04-23 11:41:36,545 - INFO - Entering Reconciliation for Recharge Service
2025-04-23 11:41:36,546 - INFO - Fetching data from HUB for Recharge
2025-04-23 11:41:36,889 - INFO - Filteration Starts
2025-04-23 11:41:36,920 - INFO - Filteration Ends
2025-04-23 11:41:36,920 - INFO - Reconciliation Ends
2025-04-23 11:41:37,048 - INFO - Report successfully exported for Recharge
2025-04-23 11:41:37,048 - INFO - ----------------------------------------------------------------------------------
2025-04-23 11:46:35,273 - INFO - ------------------------------------------------------------------------------------
2025-04-23 11:46:35,273 - INFO - Request received to filter data
2025-04-23 11:46:36,153 - INFO - Records found within the date range. Running reconciliation...
2025-04-23 11:46:36,154 - INFO - Entering Reconciliation for Recharge Service
2025-04-23 11:46:36,154 - INFO - Fetching data from HUB for Recharge
2025-04-23 11:46:36,461 - INFO - Filteration Starts
2025-04-23 11:46:36,483 - INFO - Filteration Ends
2025-04-23 11:46:36,483 - INFO - Reconciliation Ends
2025-04-23 11:46:36,704 - INFO - Report successfully exported for Recharge
2025-04-23 11:46:36,704 - INFO - ----------------------------------------------------------------------------------
2025-04-23 11:55:02,811 - INFO - ------------------------------------------------------------------------------------
2025-04-23 11:55:02,811 - INFO - Request received to filter data
2025-04-23 11:55:03,267 - INFO - Records found within the date range. Running reconciliation...
2025-04-23 11:55:03,267 - INFO - Entering Reconciliation for Recharge Service
2025-04-23 11:55:03,267 - INFO - Fetching data from HUB for Recharge
2025-04-23 11:55:03,328 - ERROR - Error in filter_data(): 'status'
2025-04-23 11:55:12,827 - INFO - ------------------------------------------------------------------------------------
2025-04-23 11:55:12,828 - INFO - Request received to filter data
2025-04-23 11:55:13,304 - INFO - Records found within the date range. Running reconciliation...
2025-04-23 11:55:13,304 - INFO - Entering Reconciliation for Recharge Service
2025-04-23 11:55:13,304 - INFO - Fetching data from HUB for Recharge
2025-04-23 11:55:13,652 - INFO - Filteration Starts
2025-04-23 11:55:13,689 - INFO - Filteration Ends
2025-04-23 11:55:13,689 - INFO - Reconciliation Ends
2025-04-23 11:55:13,846 - INFO - Report successfully exported for Recharge
2025-04-23 11:55:13,846 - INFO - ----------------------------------------------------------------------------------
2025-04-23 12:06:19,179 - INFO - ------------------------------------------------------------------------------------
2025-04-23 12:06:19,179 - INFO - Request received to filter data
2025-04-23 12:06:19,555 - INFO - Records found within the date range. Running reconciliation...
2025-04-23 12:06:19,555 - INFO - Entering Reconciliation for Recharge Service
2025-04-23 12:06:19,555 - INFO - Fetching data from HUB for Recharge
2025-04-23 12:06:19,568 - ERROR - Error in filter_data(): 'status'
2025-04-23 12:06:22,117 - INFO - ------------------------------------------------------------------------------------
2025-04-23 12:06:22,117 - INFO - Request received to filter data
2025-04-23 12:06:22,530 - INFO - Records found within the date range. Running reconciliation...
2025-04-23 12:06:22,530 - INFO - Entering Reconciliation for Recharge Service
2025-04-23 12:06:22,530 - INFO - Fetching data from HUB for Recharge
2025-04-23 12:06:22,962 - INFO - Filteration Starts
2025-04-23 12:06:22,998 - INFO - Filteration Ends
2025-04-23 12:06:22,999 - INFO - Reconciliation Ends
2025-04-23 12:06:23,208 - INFO - Report successfully exported for Recharge
2025-04-23 12:06:23,208 - INFO - ----------------------------------------------------------------------------------
2025-04-23 12:24:10,861 - INFO - ------------------------------------------------------------------------------------
2025-04-23 12:24:10,863 - INFO - Request received to filter data
2025-04-23 12:24:12,235 - INFO - ------------------------------------------------------------------------------------
2025-04-23 12:24:12,235 - INFO - Request received to filter data
2025-04-23 12:24:12,762 - INFO - Records found within the date range. Running reconciliation...
2025-04-23 12:24:12,766 - INFO - Entering Reconciliation for Recharge Service
2025-04-23 12:24:12,777 - INFO - Fetching data from HUB for Recharge
2025-04-23 12:24:13,302 - INFO - Records found within the date range. Running reconciliation...
2025-04-23 12:24:13,302 - INFO - Entering Reconciliation for Recharge Service
2025-04-23 12:24:13,302 - INFO - Fetching data from HUB for Recharge
2025-04-23 12:24:13,648 - INFO - Filteration Starts
2025-04-23 12:24:13,714 - INFO - Filteration Ends
2025-04-23 12:24:13,714 - INFO - Reconciliation Ends
2025-04-23 12:24:14,101 - INFO - Filteration Starts
2025-04-23 12:24:14,154 - INFO - Filteration Ends
2025-04-23 12:24:14,155 - INFO - Reconciliation Ends
2025-04-23 12:24:14,349 - INFO - Report successfully exported for Recharge
2025-04-23 12:24:14,350 - INFO - ----------------------------------------------------------------------------------
2025-04-23 12:24:14,389 - INFO - Report successfully exported for Recharge
2025-04-23 12:24:14,396 - INFO - ----------------------------------------------------------------------------------
2025-04-23 13:12:48,125 - INFO - ------------------------------------------------------------------------------------
2025-04-23 13:12:48,126 - INFO - Request received to filter data
2025-04-23 13:12:50,801 - INFO - ------------------------------------------------------------------------------------
2025-04-23 13:12:50,803 - INFO - Request received to filter data
2025-04-23 13:12:51,666 - INFO - ------------------------------------------------------------------------------------
2025-04-23 13:12:51,666 - INFO - Request received to filter data
2025-04-23 13:12:54,765 - WARNING - No records found within the given date range!
2025-04-23 13:12:54,781 - WARNING - No records found within the given date range!
2025-04-23 13:12:54,946 - WARNING - No records found within the given date range!
2025-04-23 13:13:10,042 - INFO - ------------------------------------------------------------------------------------
2025-04-23 13:13:10,042 - INFO - Request received to filter data
2025-04-23 13:13:10,717 - INFO - Records found within the date range. Running reconciliation...
2025-04-23 13:13:10,717 - INFO - Entering Reconciliation for Recharge Service
2025-04-23 13:13:10,717 - INFO - Fetching data from HUB for Recharge
2025-04-23 13:13:11,304 - INFO - Filteration Starts
2025-04-23 13:13:11,384 - INFO - Filteration Ends
2025-04-23 13:13:11,385 - INFO - Reconciliation Ends
2025-04-23 13:13:12,142 - INFO - Report successfully exported for Recharge
2025-04-23 13:13:12,143 - INFO - ----------------------------------------------------------------------------------
2025-04-23 13:19:43,358 - INFO - ------------------------------------------------------------------------------------
2025-04-23 13:19:43,359 - INFO - Request received to filter data
2025-04-23 13:19:43,635 - INFO - Records found within the date range. Running reconciliation...
2025-04-23 13:19:43,635 - INFO - Entering Reconciliation for Recharge Service
2025-04-23 13:19:43,636 - INFO - Fetching data from HUB for Recharge
2025-04-23 13:19:43,951 - ERROR - Error in filter_data(): 'status'
2025-04-23 13:19:55,538 - INFO - ------------------------------------------------------------------------------------
2025-04-23 13:19:55,538 - INFO - Request received to filter data
2025-04-23 13:19:55,625 - INFO - Records found within the date range. Running reconciliation...
2025-04-23 13:19:55,625 - INFO - Entering Reconciliation for Recharge Service
2025-04-23 13:19:55,625 - INFO - Fetching data from HUB for Recharge
2025-04-23 13:19:55,855 - INFO - Filteration Starts
2025-04-23 13:19:55,884 - INFO - Filteration Ends
2025-04-23 13:19:55,884 - INFO - Reconciliation Ends
2025-04-23 13:19:55,976 - INFO - Report successfully exported for Recharge
2025-04-23 13:19:55,976 - INFO - ----------------------------------------------------------------------------------
