2025-03-26 15:18:19,425 - INFO - -----------------------------------------------
2025-03-26 15:18:19,425 - INFO - Request received to filter data
2025-03-26 15:18:22,290 - INFO - -----------------------------------------------
2025-03-26 15:18:22,290 - INFO - Request received to filter data
2025-03-26 15:18:23,871 - INFO - -----------------------------------------------
2025-03-26 15:18:23,876 - INFO - Request received to filter data
2025-03-26 15:18:25,357 - WARNING - No records found within the given date range!
2025-03-26 15:18:25,358 - WARNING - No records found within the given date range!
2025-03-26 15:18:25,779 - WARNING - No records found within the given date range!
2025-03-26 15:18:31,500 - INFO - -----------------------------------------------
2025-03-26 15:18:31,500 - INFO - Request received to filter data
2025-03-26 15:18:32,744 - WARNING - No records found within the given date range!
2025-03-26 15:18:45,108 - INFO - -----------------------------------------------
2025-03-26 15:18:45,108 - INFO - Request received to filter data
2025-03-26 15:18:45,961 - INFO - Records found within the date range. Running reconciliation...
2025-03-26 15:18:46,049 - ERROR - Error in filter_data(): 'status'
2025-03-26 15:18:52,071 - INFO - -----------------------------------------------
2025-03-26 15:18:52,072 - INFO - Request received to filter data
2025-03-26 15:18:53,034 - INFO - Records found within the date range. Running reconciliation...
2025-03-26 15:18:53,054 - ERROR - Error in filter_data(): 'status'
2025-03-26 15:19:00,603 - INFO - -----------------------------------------------
2025-03-26 15:19:00,603 - INFO - Request received to filter data
2025-03-26 15:19:02,765 - INFO - Records found within the date range. Running reconciliation...
2025-03-26 15:19:02,822 - ERROR - Error in filter_data(): 'status'
2025-03-26 15:19:08,624 - INFO - -----------------------------------------------
2025-03-26 15:19:08,625 - INFO - Request received to filter data
2025-03-26 15:19:09,481 - INFO - Records found within the date range. Running reconciliation...
2025-03-26 15:19:09,504 - ERROR - Error in filter_data(): 'status'
2025-03-26 15:19:20,417 - INFO - -----------------------------------------------
2025-03-26 15:19:20,418 - INFO - Request received to filter data
2025-03-26 15:19:21,539 - INFO - Records found within the date range. Running reconciliation...
2025-03-26 15:19:21,558 - ERROR - Error in filter_data(): 'status'
2025-03-26 15:19:33,996 - INFO - -----------------------------------------------
2025-03-26 15:19:33,997 - INFO - Request received to filter data
2025-03-26 15:19:35,458 - INFO - Records found within the date range. Running reconciliation...
2025-03-26 15:19:35,483 - ERROR - Error in filter_data(): 'status'
2025-03-26 15:19:45,232 - INFO - -----------------------------------------------
2025-03-26 15:19:45,232 - INFO - Request received to filter data
2025-03-26 15:19:46,262 - INFO - Records found within the date range. Running reconciliation...
2025-03-26 15:19:46,306 - ERROR - Error in filter_data(): 'status'
2025-03-26 15:20:20,600 - INFO - -----------------------------------------------
2025-03-26 15:20:20,600 - INFO - Request received to filter data
2025-03-26 15:20:22,042 - WARNING - No records found within the given date range!
2025-03-26 15:21:53,280 - INFO - -----------------------------------------------
2025-03-26 15:21:53,281 - INFO - Request received to filter data
2025-03-26 15:21:55,000 - INFO - -----------------------------------------------
2025-03-26 15:21:55,001 - INFO - Request received to filter data
2025-03-26 15:21:56,004 - INFO - -----------------------------------------------
2025-03-26 15:21:56,008 - INFO - Request received to filter data
2025-03-26 15:21:56,054 - INFO - Records found within the date range. Running reconciliation...
2025-03-26 15:21:56,578 - ERROR - Error in filter_data(): 'status'
2025-03-26 15:21:58,064 - INFO - Records found within the date range. Running reconciliation...
2025-03-26 15:21:58,311 - ERROR - Error in filter_data(): 'status'
2025-03-26 15:21:58,463 - INFO - Records found within the date range. Running reconciliation...
2025-03-26 15:21:58,490 - ERROR - Error in filter_data(): 'status'
2025-03-26 15:24:48,417 - INFO - -----------------------------------------------
2025-03-26 15:24:48,417 - INFO - Request received to filter data
2025-03-26 15:24:54,123 - INFO - Records found within the date range. Running reconciliation...
2025-03-26 15:24:54,210 - ERROR - Error in filter_data(): 'status'
2025-03-26 15:25:08,645 - INFO - -----------------------------------------------
2025-03-26 15:25:08,645 - INFO - Request received to filter data
2025-03-26 15:25:09,805 - INFO - Records found within the date range. Running reconciliation...
2025-03-26 15:25:09,857 - ERROR - Error in filter_data(): 'status'
2025-03-26 15:25:24,461 - INFO - -----------------------------------------------
2025-03-26 15:25:24,462 - INFO - Request received to filter data
2025-03-26 15:25:25,669 - INFO - Records found within the date range. Running reconciliation...
2025-03-26 15:25:25,689 - ERROR - Error in filter_data(): 'status'
