2025-04-29 17:08:37,907 - INFO - ------------------------------------------------------------------------------------
2025-04-29 17:08:37,907 - INFO - Request received to filter data
2025-04-29 17:08:38,105 - ERROR - Error in filter_data(): 'status'
2025-04-29 17:10:47,722 - INFO - ------------------------------------------------------------------------------------
2025-04-29 17:10:47,723 - INFO - Request received to filter data
2025-04-29 17:10:47,774 - ERROR - Error in filter_data(): 'status'
2025-04-29 17:13:20,640 - INFO - ------------------------------------------------------------------------------------
2025-04-29 17:13:20,641 - INFO - Request received to filter data
2025-04-29 17:14:20,855 - INFO - ------------------------------------------------------------------------------------
2025-04-29 17:14:20,855 - INFO - Request received to filter data
2025-04-29 17:15:13,174 - INFO - ------------------------------------------------------------------------------------
2025-04-29 17:15:13,174 - INFO - Request received to filter data
2025-04-29 17:15:52,452 - INFO - ------------------------------------------------------------------------------------
2025-04-29 17:15:52,452 - INFO - Request received to filter data
2025-04-29 17:17:08,927 - INFO - ------------------------------------------------------------------------------------
2025-04-29 17:17:08,928 - INFO - Request received to filter data
2025-04-29 17:19:11,316 - INFO - ------------------------------------------------------------------------------------
2025-04-29 17:19:11,316 - INFO - Request received to filter data
2025-04-29 17:19:11,364 - ERROR - Error in filter_data(): 'status'
2025-04-29 17:24:59,024 - INFO - ------------------------------------------------------------------------------------
2025-04-29 17:24:59,024 - INFO - Request received to filter data
2025-04-29 17:24:59,025 - INFO - Entered Main Function...
2025-04-29 17:24:59,589 - INFO - Records found within the date range. Running reconciliation...
2025-04-29 17:24:59,589 - INFO - Entering Reconciliation for Aeps Service
2025-04-29 17:24:59,590 - INFO - Aeps service: Column 'SERIALNUMBER' renamed to 'REFID'
2025-04-29 17:24:59,590 - INFO - Fetching data from HUB for Aeps
2025-04-29 17:25:00,840 - INFO - Filteration Starts
2025-04-29 17:25:00,874 - INFO - Filteration Ends
2025-04-29 17:25:00,874 - INFO - Reconciliation Ends
2025-04-29 17:25:01,036 - INFO - Report successfully exported for Aeps
2025-04-29 17:25:01,036 - INFO - ----------------------------------------------------------------------------------
2025-04-29 17:40:32,933 - INFO - ------------------------------------------------------------------------------------
2025-04-29 17:40:32,933 - INFO - Request received to filter data
2025-04-29 17:40:32,933 - INFO - Entered Main Function...
2025-04-29 17:40:33,244 - INFO - Records found within the date range. Running reconciliation...
2025-04-29 17:40:33,244 - INFO - Entering Reconciliation for Aeps Service
2025-04-29 17:40:33,245 - INFO - Aeps service: Column 'UTR' renamed to 'REFID'
2025-04-29 17:40:33,245 - INFO - Fetching data from HUB for Aeps
2025-04-29 17:40:34,467 - INFO - Filteration Starts
2025-04-29 17:40:34,720 - ERROR - Error in filter_data(): 'status'
2025-04-29 17:42:21,754 - INFO - ------------------------------------------------------------------------------------
2025-04-29 17:42:21,754 - INFO - Request received to filter data
2025-04-29 17:42:21,755 - INFO - Entered Main Function...
2025-04-29 17:42:22,104 - INFO - Records found within the date range. Running reconciliation...
2025-04-29 17:42:22,104 - INFO - Entering Reconciliation for Aeps Service
2025-04-29 17:42:22,104 - INFO - Aeps service: Column 'UTR' renamed to 'REFID'
2025-04-29 17:42:22,105 - INFO - Fetching data from HUB for Aeps
2025-04-29 17:42:23,276 - INFO - Filteration Starts
2025-04-29 17:42:23,319 - ERROR - Error in filter_data(): 'status'
2025-04-29 17:54:04,616 - INFO - ------------------------------------------------------------------------------------
2025-04-29 17:54:04,617 - INFO - Request received to filter data
2025-04-29 17:54:04,617 - INFO - Entered Main Function...
2025-04-29 17:54:05,009 - INFO - Records found within the date range. Running reconciliation...
2025-04-29 17:54:05,009 - INFO - Entering Reconciliation for Aeps Service
2025-04-29 17:54:05,010 - INFO - Aeps service: Column 'UTR' renamed to 'REFID'
2025-04-29 17:54:05,010 - INFO - Fetching data from HUB for Aeps
2025-04-29 17:54:06,567 - INFO - Filteration Starts
2025-04-29 17:54:06,616 - INFO - Filteration Ends
2025-04-29 17:54:06,616 - INFO - Reconciliation Ends
2025-04-29 17:54:06,721 - INFO - Report successfully exported for Aeps
2025-04-29 17:54:06,722 - INFO - ----------------------------------------------------------------------------------
