2025-05-08 11:28:14,765 - INFO - ------------------------------------------------------------------------------------
2025-05-08 11:28:14,765 - INFO - Request received to filter data
2025-05-08 11:28:14,765 - INFO - Entered Main Function...
2025-05-08 11:28:15,274 - INFO - Records found within the date range. Running reconciliation...
2025-05-08 11:28:15,274 - INFO - Entering Reconciliation for Recharge Service
2025-05-08 11:28:15,275 - INFO - Recharge service: Column 'REFID' renamed to 'REFID'
2025-05-08 11:28:15,275 - INFO - Fetching data from HUB for Recharge
2025-05-08 11:28:15,674 - ERROR - Error in filter_data(): 'status'
2025-05-08 11:34:51,451 - INFO - ------------------------------------------------------------------------------------
2025-05-08 11:34:51,453 - INFO - Request received to filter data
2025-05-08 11:34:51,454 - INFO - Entered Main Function...
2025-05-08 11:34:51,880 - INFO - Records found within the date range. Running reconciliation...
2025-05-08 11:34:51,880 - INFO - Entering Reconciliation for Recharge Service
2025-05-08 11:34:51,881 - INFO - Recharge service: Column 'REFID' renamed to 'REFID'
2025-05-08 11:34:51,881 - INFO - Fetching data from HUB for Recharge
2025-05-08 11:34:53,058 - ERROR - Error in filter_data(): 'status'
2025-05-08 11:35:53,416 - INFO - ------------------------------------------------------------------------------------
2025-05-08 11:35:53,416 - INFO - Request received to filter data
2025-05-08 11:35:53,417 - INFO - Entered Main Function...
2025-05-08 11:35:53,477 - INFO - Records found within the date range. Running reconciliation...
2025-05-08 11:35:53,477 - INFO - Entering Reconciliation for Recharge Service
2025-05-08 11:35:53,477 - INFO - Recharge service: Column 'REFID' renamed to 'REFID'
2025-05-08 11:35:53,478 - INFO - Fetching data from HUB for Recharge
2025-05-08 11:35:53,494 - ERROR - Error in filter_data(): 'status'
2025-05-08 11:37:42,167 - INFO - ------------------------------------------------------------------------------------
2025-05-08 11:37:42,168 - INFO - Request received to filter data
2025-05-08 11:37:42,172 - INFO - Entered Main Function...
2025-05-08 11:37:42,492 - INFO - Records found within the date range. Running reconciliation...
2025-05-08 11:37:42,492 - INFO - Entering Reconciliation for Recharge Service
2025-05-08 11:37:42,492 - INFO - Recharge service: Column 'REFID' renamed to 'REFID'
2025-05-08 11:37:42,492 - INFO - Fetching data from HUB for Recharge
2025-05-08 11:37:43,591 - ERROR - Error in filter_data(): 'status'
2025-05-08 11:38:47,573 - INFO - ------------------------------------------------------------------------------------
2025-05-08 11:38:47,573 - INFO - Request received to filter data
2025-05-08 11:38:47,574 - INFO - Entered Main Function...
2025-05-08 11:38:47,958 - INFO - Records found within the date range. Running reconciliation...
2025-05-08 11:38:47,958 - INFO - Entering Reconciliation for Recharge Service
2025-05-08 11:38:47,959 - INFO - Recharge service: Column 'REFID' renamed to 'REFID'
2025-05-08 11:38:47,959 - INFO - Fetching data from HUB for Recharge
2025-05-08 11:38:48,976 - INFO - Filteration Starts
2025-05-08 11:38:49,028 - INFO - Filteration Ends
2025-05-08 11:38:49,028 - INFO - Reconciliation Ends
2025-05-08 11:38:49,194 - INFO - Report successfully exported for Recharge
2025-05-08 11:38:49,194 - INFO - ----------------------------------------------------------------------------------
2025-05-08 12:15:57,056 - INFO - ------------------------------------------------------------------------------------
2025-05-08 12:15:57,056 - INFO - Request received to filter data
2025-05-08 12:15:57,072 - INFO - Entered Main Function...
2025-05-08 12:15:59,795 - INFO - Records found within the date range. Running reconciliation...
2025-05-08 12:15:59,795 - INFO - Entering Reconciliation for Recharge Service
2025-05-08 12:15:59,796 - INFO - Recharge service: Column 'REFID' renamed to 'REFID'
2025-05-08 12:15:59,796 - INFO - Fetching data from HUB for Recharge
2025-05-08 12:16:00,872 - INFO - Filteration Starts
2025-05-08 12:16:00,920 - INFO - Filteration Ends
2025-05-08 12:16:00,920 - INFO - Reconciliation Ends
2025-05-08 12:16:01,450 - INFO - Report successfully exported for Recharge
2025-05-08 12:16:01,450 - INFO - ----------------------------------------------------------------------------------
2025-05-08 12:17:03,268 - INFO - ------------------------------------------------------------------------------------
2025-05-08 12:17:03,269 - INFO - Request received to filter data
2025-05-08 12:17:03,269 - INFO - Entered Main Function...
2025-05-08 12:17:03,291 - INFO - Records found within the date range. Running reconciliation...
2025-05-08 12:17:03,291 - INFO - Entering Reconciliation for Aeps Service
2025-05-08 12:17:03,291 - INFO - Aeps service: Column 'UTR' renamed to 'REFID'
2025-05-08 12:17:03,291 - INFO - Fetching data from HUB for Aeps
2025-05-08 12:17:03,459 - ERROR - Error in filter_data(): 'status'
2025-05-08 12:31:24,594 - INFO - ------------------------------------------------------------------------------------
2025-05-08 12:31:24,610 - INFO - Request received to filter data
2025-05-08 12:31:24,610 - INFO - Entered Main Function...
2025-05-08 12:31:24,858 - INFO - Records found within the date range. Running reconciliation...
2025-05-08 12:31:24,858 - INFO - Entering Reconciliation for Aeps Service
2025-05-08 12:31:24,858 - INFO - Aeps service: Column 'UTR' renamed to 'REFID'
2025-05-08 12:31:24,858 - INFO - Fetching data from HUB for Aeps
2025-05-08 12:31:25,888 - INFO - Filteration Starts
2025-05-08 12:31:25,966 - INFO - Filteration Ends
2025-05-08 12:31:25,966 - INFO - Reconciliation Ends
2025-05-08 12:31:26,076 - INFO - Report successfully exported for Aeps
2025-05-08 12:31:26,076 - INFO - ----------------------------------------------------------------------------------
2025-05-08 12:54:11,559 - INFO - ------------------------------------------------------------------------------------
2025-05-08 12:54:11,559 - INFO - Request received to filter data
2025-05-08 12:54:11,560 - INFO - Entered Main Function...
2025-05-08 12:54:12,050 - INFO - Records found within the date range. Running reconciliation...
2025-05-08 12:54:12,050 - INFO - Entering Reconciliation for Aeps Service
2025-05-08 12:54:12,053 - INFO - Aeps service: Column 'UTR' renamed to 'REFID'
2025-05-08 12:54:12,053 - INFO - Fetching data from HUB for Aeps
2025-05-08 12:54:13,053 - INFO - Filteration Starts
2025-05-08 12:54:13,129 - INFO - Filteration Ends
2025-05-08 12:54:13,130 - INFO - Reconciliation Ends
2025-05-08 12:54:13,363 - INFO - Report successfully exported for Aeps
2025-05-08 12:54:13,363 - INFO - ----------------------------------------------------------------------------------
2025-05-08 13:21:47,206 - INFO - ------------------------------------------------------------------------------------
2025-05-08 13:21:47,206 - INFO - Request received to filter data
2025-05-08 13:21:47,207 - INFO - Entered Main Function...
2025-05-08 13:21:47,676 - INFO - Records found within the date range. Running reconciliation...
2025-05-08 13:21:47,676 - INFO - Entering Reconciliation for Aeps Service
2025-05-08 13:21:47,679 - INFO - Aeps service: Column 'UTR' renamed to 'REFID'
2025-05-08 13:21:47,679 - INFO - Fetching data from HUB for Aeps
2025-05-08 13:21:48,811 - INFO - Filteration Starts
2025-05-08 13:21:48,888 - INFO - Filteration Ends
2025-05-08 13:21:48,888 - INFO - Reconciliation Ends
2025-05-08 13:21:49,018 - INFO - Report successfully exported for Aeps
2025-05-08 13:21:49,018 - INFO - ----------------------------------------------------------------------------------
