2025-03-22 11:00:52,429 - WARNING - entering reconciliation function
2025-03-22 11:00:52,429 - INFO - entering recharge function
2025-03-22 11:00:53,735 - INFO - entering filter function
2025-03-22 11:00:53,765 - WARNING - filter exit
2025-03-22 11:00:53,766 - WARNING - recharge exit
2025-03-22 11:01:53,316 - WARNING - entering reconciliation function
2025-03-22 11:01:53,316 - INFO - entering recharge function
2025-03-22 11:01:54,199 - INFO - entering filter function
2025-03-22 11:01:54,209 - WARNING - filter exit
2025-03-22 11:01:54,209 - WARNING - recharge exit
2025-03-22 11:12:36,218 - INFO - ---------Entering Reconciliation---------
2025-03-22 11:12:36,218 - INFO - --Service mapping---
2025-03-22 11:12:37,152 - INFO - ---Filteration Starts:
2025-03-22 11:12:37,162 - INFO - ---Filteration Ends:
2025-03-22 11:12:37,162 - WARNING - recharge exit
2025-03-22 11:12:37,290 - INFO - Report successfully Exported
2025-03-22 11:12:37,290 - INFO - -----------------------------------------------------------------------------------------------------
2025-03-22 11:13:56,103 - INFO - -----------------------------------------------------------------------------------------------------
2025-03-22 11:13:56,104 - INFO - ---------Entering Reconciliation---------
2025-03-22 11:13:56,104 - INFO - --Service mapping---
2025-03-22 11:13:57,006 - INFO - ---Filteration Starts:
2025-03-22 11:13:57,017 - INFO - ---Filteration Ends:
2025-03-22 11:13:57,017 - WARNING - recharge exit
2025-03-22 11:13:57,149 - INFO - Report successfully Exported
2025-03-22 11:13:57,149 - INFO - -----------------------------------------------------------------------------------------------------
2025-03-22 11:17:17,980 - INFO - -----------------------------------------------------------------------------------------------------
2025-03-22 11:17:17,980 - INFO - ---------Entering Reconciliation---------
2025-03-22 11:17:17,980 - INFO - --Service mapping---
2025-03-22 11:17:18,848 - INFO - ---Filteration Starts:
2025-03-22 11:17:18,858 - INFO - ---Filteration Ends:
2025-03-22 11:17:18,987 - INFO - Report successfully Exported
2025-03-22 11:17:18,987 - INFO - -----------------------------------------------------------------------------------------------------
2025-03-22 11:18:35,045 - INFO - -----------------------------------------------------------------------------------------------------
2025-03-22 11:18:35,045 - INFO - ---------Entering Reconciliation for recharge Service---------
2025-03-22 11:18:35,045 - INFO - --Service mapping---
2025-03-22 11:18:35,914 - INFO - ---Filteration Starts:
2025-03-22 11:18:35,924 - INFO - ---Filteration Ends:
2025-03-22 11:18:36,051 - INFO - Report successfully Exported
2025-03-22 11:18:36,052 - INFO - -----------------------------------------------------------------------------------------------------
2025-03-22 11:55:40,799 - INFO - -----------------------------------------------------------------------------------------------------
2025-03-22 11:55:40,800 - INFO - ---------Entering Reconciliation for recharge Service---------
2025-03-22 11:56:26,679 - INFO - -----------------------------------------------------------------------------------------------------
2025-03-22 11:56:26,679 - INFO - ---------Entering Reconciliation for recharge Service---------
2025-03-22 11:56:27,577 - INFO - ---Service mapping---
2025-03-22 11:56:27,654 - INFO - ---Filteration Starts---
2025-03-22 11:56:27,666 - INFO - ---Filteration Ends---
2025-03-22 11:56:27,795 - INFO - Report successfully Exported
2025-03-22 11:56:27,796 - INFO - -----------------------------------------------------------------------------------------------------
2025-03-22 11:57:35,132 - INFO - -----------------------------------------------------------------------------------------------------
2025-03-22 11:57:35,133 - INFO - ---------Entering Reconciliation for recharge Service---------
2025-03-22 11:59:38,804 - INFO - -----------------------------------------------------------------------------------------------------
2025-03-22 11:59:38,804 - INFO - ---------Entering Reconciliation for recharge Service---------
2025-03-22 12:02:26,667 - INFO - -----------------------------------------------------------------------------------------------------
2025-03-22 12:02:26,668 - INFO - ---------Entering Reconciliation for recharge Service---------
2025-03-22 12:03:26,942 - INFO - -----------------------------------------------------------------------------------------------------
2025-03-22 12:03:26,942 - INFO - ---------Entering Reconciliation for recharge Service---------
2025-03-22 12:10:39,294 - INFO - -----------------------------------------------------------------------------------------------------
2025-03-22 12:10:39,294 - INFO - ---------Entering Reconciliation for recharge Service---------
2025-03-22 12:11:34,637 - INFO - -----------------------------------------------------------------------------------------------------
2025-03-22 12:11:34,638 - INFO - ---------Entering Reconciliation for recharge Service---------
2025-03-22 12:11:34,638 - INFO - ---Service mapping---
2025-03-22 12:11:34,702 - INFO - ---Filteration Starts---
2025-03-22 12:11:34,719 - INFO - ---Filteration Ends---
2025-03-22 12:11:34,847 - INFO - Report successfully Exported
2025-03-22 12:11:34,847 - INFO - -----------------------------------------------------------------------------------------------------
2025-03-22 12:50:41,097 - INFO - -----------------------------------------------------------------------------------------------------
2025-03-22 12:50:41,097 - INFO - ---------Entering Reconciliation for aeps Service---------
2025-03-22 12:53:07,940 - INFO - -----------------------------------------------------------------------------------------------------
2025-03-22 12:53:07,940 - INFO - ---------Entering Reconciliation for aeps Service---------
2025-03-22 12:53:07,940 - INFO - ---Service mapping---
2025-03-22 12:54:52,084 - INFO - -----------------------------------------------------------------------------------------------------
2025-03-22 12:54:52,084 - INFO - ---------Entering Reconciliation for aeps Service---------
2025-03-22 12:54:52,084 - INFO - ---Service mapping---
2025-03-22 12:54:52,138 - INFO - ---Filteration Starts---
2025-03-22 12:58:20,894 - INFO - -----------------------------------------------------------------------------------------------------
2025-03-22 12:58:20,894 - INFO - ---------Entering Reconciliation for recharge Service---------
2025-03-22 12:58:20,894 - INFO - ---Service mapping---
2025-03-22 12:58:20,987 - INFO - ---Filteration Starts---
2025-03-22 12:58:21,008 - INFO - ---Filteration Ends---
2025-03-22 12:58:21,189 - INFO - Report successfully Exported
2025-03-22 12:58:21,189 - INFO - -----------------------------------------------------------------------------------------------------
2025-03-22 12:59:09,892 - INFO - -----------------------------------------------------------------------------------------------------
2025-03-22 12:59:09,893 - INFO - ---------Entering Reconciliation for aeps Service---------
2025-03-22 12:59:09,893 - INFO - ---Service mapping---
2025-03-22 12:59:09,944 - INFO - ---Filteration Starts---
2025-03-22 12:59:09,956 - INFO - ---Filteration Ends---
2025-03-22 12:59:10,081 - INFO - Report successfully Exported
2025-03-22 12:59:10,082 - INFO - -----------------------------------------------------------------------------------------------------
2025-03-22 12:59:34,776 - INFO - -----------------------------------------------------------------------------------------------------
2025-03-22 12:59:34,776 - INFO - ---------Entering Reconciliation for recharge Service---------
2025-03-22 12:59:34,777 - INFO - ---Service mapping---
2025-03-22 12:59:34,825 - INFO - ---Filteration Starts---
2025-03-22 12:59:34,840 - INFO - ---Filteration Ends---
2025-03-22 12:59:34,991 - INFO - Report successfully Exported
2025-03-22 12:59:34,991 - INFO - -----------------------------------------------------------------------------------------------------
2025-03-22 13:07:29,327 - INFO - -----------------------------------------------------------------------------------------------------
2025-03-22 13:07:29,327 - INFO - ---------Entering Reconciliation for recharge Service---------
2025-03-22 13:07:29,327 - INFO - ---Service mapping---
2025-03-22 13:15:10,819 - INFO - -----------------------------------------------------------------------------------------------------
2025-03-22 13:15:10,819 - INFO - ---------Entering Reconciliation for recharge Service---------
2025-03-22 13:15:10,819 - INFO - ---Service mapping---
2025-03-22 14:03:06,227 - INFO - -----------------------------------------------------------------------------------------------------
2025-03-22 14:03:06,228 - INFO - ---------Entering Reconciliation for recharge Service---------
2025-03-22 14:03:06,228 - INFO - ---Service mapping---
2025-03-22 14:05:50,358 - INFO - -----------------------------------------------------------------------------------------------------
2025-03-22 14:05:50,359 - INFO - ---------Entering Reconciliation for recharge Service---------
2025-03-22 14:05:50,359 - INFO - ---Service mapping---
2025-03-22 14:05:50,401 - INFO - ---Filteration Starts---
2025-03-22 14:05:50,427 - INFO - ---Filteration Ends---
2025-03-22 14:06:14,429 - INFO - -----------------------------------------------------------------------------------------------------
2025-03-22 14:06:14,429 - INFO - ---------Entering Reconciliation for recharge Service---------
2025-03-22 14:06:14,429 - INFO - ---Service mapping---
2025-03-22 14:06:14,472 - INFO - ---Filteration Starts---
2025-03-22 14:06:14,486 - INFO - ---Filteration Ends---
2025-03-22 14:06:14,611 - INFO - Report successfully Exported
2025-03-22 14:06:14,612 - INFO - -----------------------------------------------------------------------------------------------------
2025-03-22 14:10:06,596 - INFO - -----------------------------------------------------------------------------------------------------
2025-03-22 14:10:06,597 - INFO - ---------Entering Reconciliation for recharge Service---------
2025-03-22 14:10:21,995 - INFO - -----------------------------------------------------------------------------------------------------
2025-03-22 14:10:21,995 - INFO - ---------Entering Reconciliation for Recharge Service---------
2025-03-22 14:10:21,995 - INFO - ---Service mapping---
2025-03-22 14:10:22,045 - INFO - ---Filteration Starts---
2025-03-22 14:12:18,218 - INFO - -----------------------------------------------------------------------------------------------------
2025-03-22 14:12:18,218 - INFO - ---------Entering Reconciliation for Recharge Service---------
2025-03-22 14:12:18,218 - INFO - ---Service mapping---
2025-03-22 14:12:18,263 - INFO - ---Filteration Starts---
2025-03-22 14:12:18,277 - INFO - ---Filteration Ends---
2025-03-22 14:12:18,389 - INFO - Report successfully Exported
2025-03-22 14:12:18,389 - INFO - -----------------------------------------------------------------------------------------------------
2025-03-22 14:22:48,298 - INFO - -----------------------------------------------------------------------------------------------------
2025-03-22 14:22:48,298 - INFO - ---------Entering Reconciliation for Recharge Service---------
2025-03-22 14:22:48,298 - INFO - ---Service mapping---
2025-03-22 14:22:48,342 - INFO - ---Filteration Starts---
2025-03-22 14:22:48,354 - INFO - ---Filteration Ends---
2025-03-22 14:22:48,467 - INFO - Report successfully Exported
2025-03-22 14:22:48,467 - INFO - -----------------------------------------------------------------------------------------------------
2025-03-22 14:23:07,495 - INFO - -----------------------------------------------------------------------------------------------------
2025-03-22 14:23:07,495 - INFO - ---------Entering Reconciliation for Aeps Service---------
2025-03-22 14:23:07,495 - INFO - ---Service mapping---
2025-03-22 14:24:38,071 - INFO - -----------------------------------------------------------------------------------------------------
2025-03-22 14:24:38,071 - INFO - ---------Entering Reconciliation for Aeps Service---------
2025-03-22 14:24:38,071 - INFO - ---Service mapping---
2025-03-22 14:25:51,514 - INFO - -----------------------------------------------------------------------------------------------------
2025-03-22 14:25:51,514 - INFO - ---------Entering Reconciliation for Aeps Service---------
2025-03-22 14:25:51,514 - INFO - ---Service mapping---
2025-03-22 14:26:25,898 - INFO - -----------------------------------------------------------------------------------------------------
2025-03-22 14:26:25,899 - INFO - ---------Entering Reconciliation for Aeps Service---------
2025-03-22 14:26:25,899 - INFO - ---Service mapping---
2025-03-22 14:26:25,946 - INFO - ---Filteration Starts---
2025-03-22 14:26:25,959 - INFO - ---Filteration Ends---
2025-03-22 14:26:26,084 - INFO - Report successfully Exported
2025-03-22 14:26:26,085 - INFO - -----------------------------------------------------------------------------------------------------
2025-03-22 14:36:05,533 - INFO - -----------------------------------------------------------------------------------------------------
2025-03-22 14:36:05,533 - INFO - ---------Entering Reconciliation for Aeps Service---------
2025-03-22 14:36:05,533 - INFO - ---Service mapping---
2025-03-22 14:36:05,582 - INFO - ---Filteration Starts---
