2025-05-23 10:43:54,179 - INFO - --------------------------------------------
2025-05-23 10:43:54,179 - INFO - Entered Main Function...
2025-05-23 10:43:55,035 - INFO - Records found within the date range. Running reconciliation...
2025-05-23 10:43:55,036 - INFO - Entering Reconciliation for RECHARGE Service
2025-05-23 10:43:55,037 - INFO - Recharge service: Column 'REFID' renamed to 'REFID'
2025-05-23 10:43:55,037 - INFO - Fetching data from HUB for RECHARGE
2025-05-23 10:44:00,297 - INFO - Filteration Starts for RECHARGE service
2025-05-23 10:44:00,474 - INFO - Filteration Ends
2025-05-23 10:44:00,475 - INFO - Reconciliation Ends
2025-05-23 10:56:25,997 - INFO - --------------------------------------------
2025-05-23 10:56:25,998 - INFO - Entered Main Function...
2025-05-23 10:56:26,114 - INFO - Records found within the date range. Running reconciliation...
2025-05-23 10:56:26,115 - INFO - Entering Reconciliation for RECHARGE Service
2025-05-23 10:56:26,116 - INFO - Recharge service: Column 'REFID' renamed to 'REFID'
2025-05-23 10:56:26,116 - INFO - Fetching data from HUB for RECHARGE
2025-05-23 10:56:26,118 - ERROR - Database error in recharge_Service(): Can't reconnect until invalid transaction is rolled back.  Please rollback() fully before proceeding (Background on this error at: https://sqlalche.me/e/20/8s2b)
2025-05-23 10:56:26,717 - INFO - Filteration Starts for RECHARGE service
2025-05-23 10:56:26,717 - ERROR - Error in main(): 'NoneType' object is not subscriptable
2025-05-23 10:56:28,608 - INFO - --------------------------------------------
2025-05-23 10:56:28,608 - INFO - Entered Main Function...
2025-05-23 10:56:28,676 - INFO - Records found within the date range. Running reconciliation...
2025-05-23 10:56:28,678 - INFO - Entering Reconciliation for RECHARGE Service
2025-05-23 10:56:28,679 - INFO - Recharge service: Column 'REFID' renamed to 'REFID'
2025-05-23 10:56:28,680 - INFO - Fetching data from HUB for RECHARGE
2025-05-23 10:56:33,138 - INFO - Filteration Starts for RECHARGE service
2025-05-23 10:56:33,353 - INFO - Filteration Ends
2025-05-23 10:56:33,353 - INFO - Reconciliation Ends
2025-05-23 10:58:41,035 - INFO - --------------------------------------------
2025-05-23 10:58:41,035 - INFO - Entered Main Function...
2025-05-23 10:58:41,682 - INFO - Records found within the date range. Running reconciliation...
2025-05-23 10:58:41,682 - INFO - Entering Reconciliation for RECHARGE Service
2025-05-23 10:58:41,686 - INFO - Recharge service: Column 'REFID' renamed to 'REFID'
2025-05-23 10:58:41,686 - INFO - Fetching data from HUB for RECHARGE
2025-05-23 10:58:41,687 - ERROR - Database error in recharge_Service(): Can't reconnect until invalid transaction is rolled back.  Please rollback() fully before proceeding (Background on this error at: https://sqlalche.me/e/20/8s2b)
2025-05-23 10:58:44,520 - INFO - Filteration Starts for RECHARGE service
2025-05-23 10:58:44,520 - ERROR - Error in main(): 'NoneType' object is not subscriptable
2025-05-23 10:59:11,269 - INFO - --------------------------------------------
2025-05-23 10:59:11,270 - INFO - Entered Main Function...
2025-05-23 10:59:11,871 - INFO - Records found within the date range. Running reconciliation...
2025-05-23 10:59:11,872 - INFO - Entering Reconciliation for RECHARGE Service
2025-05-23 10:59:11,875 - INFO - Recharge service: Column 'REFID' renamed to 'REFID'
2025-05-23 10:59:11,875 - INFO - Fetching data from HUB for RECHARGE
2025-05-23 10:59:27,986 - ERROR - Database error in recharge_Service(): Can't reconnect until invalid transaction is rolled back.  Please rollback() fully before proceeding (Background on this error at: https://sqlalche.me/e/20/8s2b)
2025-05-23 10:59:27,992 - ERROR - Error in main(): cannot access local variable 'ebo_df' where it is not associated with a value
2025-05-23 10:59:43,801 - INFO - --------------------------------------------
2025-05-23 10:59:43,801 - INFO - Entered Main Function...
2025-05-23 10:59:44,205 - INFO - Records found within the date range. Running reconciliation...
2025-05-23 10:59:44,205 - INFO - Entering Reconciliation for RECHARGE Service
2025-05-23 10:59:44,209 - INFO - Recharge service: Column 'REFID' renamed to 'REFID'
2025-05-23 10:59:44,209 - INFO - Fetching data from HUB for RECHARGE
2025-05-23 11:00:04,196 - INFO - Filteration Starts for RECHARGE service
2025-05-23 11:00:04,439 - INFO - Filteration Ends
2025-05-23 11:00:04,440 - INFO - Reconciliation Ends
2025-05-23 11:04:35,159 - INFO - --------------------------------------------
2025-05-23 11:04:35,159 - INFO - Entered Main Function...
2025-05-23 11:04:36,185 - INFO - Records found within the date range. Running reconciliation...
2025-05-23 11:04:36,186 - INFO - Entering Reconciliation for RECHARGE Service
2025-05-23 11:04:36,188 - INFO - Recharge service: Column 'REFID' renamed to 'REFID'
2025-05-23 11:04:36,188 - INFO - Fetching data from HUB for RECHARGE
2025-05-23 11:04:52,560 - INFO - Fetching Data from EBO Wallet Transaction
2025-05-23 11:04:56,241 - INFO - Filteration Starts for RECHARGE service
2025-05-23 11:04:56,464 - INFO - Filteration Ends
2025-05-23 11:04:56,467 - INFO - Reconciliation Ends
2025-05-23 11:49:01,846 - INFO - --------------------------------------------
2025-05-23 11:49:01,849 - INFO - Entered Main Function...
2025-05-23 11:49:01,964 - INFO - Records found within the date range. Running reconciliation...
2025-05-23 11:49:01,964 - INFO - Entering Reconciliation for RECHARGE Service
2025-05-23 11:49:01,965 - INFO - Recharge service: Column 'REFID' renamed to 'REFID'
2025-05-23 11:49:01,965 - INFO - Fetching data from HUB for RECHARGE
2025-05-23 11:49:01,976 - ERROR - Database error in recharge_Service(): Can't reconnect until invalid transaction is rolled back.  Please rollback() fully before proceeding (Background on this error at: https://sqlalche.me/e/20/8s2b)
2025-05-23 11:49:02,569 - INFO - Filteration Starts for RECHARGE service
2025-05-23 11:49:02,569 - ERROR - Error in main(): 'NoneType' object is not subscriptable
2025-05-23 11:51:09,520 - INFO - --------------------------------------------
2025-05-23 11:51:09,520 - INFO - Entered Main Function...
2025-05-23 11:51:09,556 - INFO - Records found within the date range. Running reconciliation...
2025-05-23 11:51:09,556 - INFO - Entering Reconciliation for RECHARGE Service
2025-05-23 11:51:09,557 - INFO - Recharge service: Column 'REFID' renamed to 'REFID'
2025-05-23 11:51:09,557 - INFO - Fetching data from HUB for RECHARGE
2025-05-23 11:51:09,558 - ERROR - Database error in recharge_Service(): Can't reconnect until invalid transaction is rolled back.  Please rollback() fully before proceeding (Background on this error at: https://sqlalche.me/e/20/8s2b)
2025-05-23 11:51:10,082 - INFO - Filteration Starts for RECHARGE service
2025-05-23 11:51:10,082 - ERROR - Error in main(): 'NoneType' object is not subscriptable
2025-05-23 11:51:11,122 - INFO - --------------------------------------------
2025-05-23 11:51:11,122 - INFO - Entered Main Function...
2025-05-23 11:51:11,156 - INFO - Records found within the date range. Running reconciliation...
2025-05-23 11:51:11,156 - INFO - Entering Reconciliation for RECHARGE Service
2025-05-23 11:51:11,157 - INFO - Recharge service: Column 'REFID' renamed to 'REFID'
2025-05-23 11:51:11,157 - INFO - Fetching data from HUB for RECHARGE
2025-05-23 11:51:13,134 - INFO - Fetching Data from EBO Wallet Transaction
2025-05-23 11:51:14,218 - INFO - Filteration Starts for RECHARGE service
2025-05-23 11:51:14,312 - INFO - Filteration Ends
2025-05-23 11:51:14,313 - INFO - Reconciliation Ends
2025-05-23 11:54:02,231 - INFO - --------------------------------------------
2025-05-23 11:54:02,232 - INFO - Entered Main Function...
2025-05-23 11:54:02,709 - INFO - Records found within the date range. Running reconciliation...
2025-05-23 11:54:02,710 - INFO - Entering Reconciliation for RECHARGE Service
2025-05-23 11:54:02,711 - INFO - Recharge service: Column 'REFID' renamed to 'REFID'
2025-05-23 11:54:02,711 - INFO - Fetching data from HUB for RECHARGE
2025-05-23 11:54:04,884 - INFO - Fetching Data from EBO Wallet Transaction
2025-05-23 11:54:05,982 - INFO - Filteration Starts for RECHARGE service
2025-05-23 11:54:06,065 - INFO - Filteration Ends
2025-05-23 11:54:06,065 - INFO - Reconciliation Ends
2025-05-23 13:43:20,369 - INFO - --------------------------------------------
2025-05-23 13:43:20,369 - INFO - Entered Main Function...
2025-05-23 13:43:20,989 - INFO - Records found within the date range. Running reconciliation...
2025-05-23 13:43:20,990 - INFO - Entering Reconciliation for RECHARGE Service
2025-05-23 13:43:20,991 - INFO - Recharge service: Column 'REFID' renamed to 'REFID'
2025-05-23 13:43:20,991 - INFO - Fetching data from HUB for RECHARGE
2025-05-23 13:43:23,194 - INFO - Fetching Data from EBO Wallet Transaction
2025-05-23 13:43:24,511 - INFO - Filteration Starts for RECHARGE service
2025-05-23 13:43:24,782 - INFO - Filteration Ends
2025-05-23 13:43:24,782 - INFO - Reconciliation Ends
2025-05-23 13:43:44,724 - INFO - --------------------------------------------
2025-05-23 13:43:44,724 - INFO - Entered Main Function...
2025-05-23 13:43:44,836 - INFO - Records found within the date range. Running reconciliation...
2025-05-23 13:43:44,836 - INFO - Entering Reconciliation for RECHARGE Service
2025-05-23 13:43:44,838 - INFO - Recharge service: Column 'REFID' renamed to 'REFID'
2025-05-23 13:43:44,838 - INFO - Fetching data from HUB for RECHARGE
2025-05-23 13:43:46,781 - INFO - Fetching Data from EBO Wallet Transaction
2025-05-23 13:43:47,960 - INFO - Filteration Starts for RECHARGE service
2025-05-23 13:43:48,066 - INFO - Filteration Ends
2025-05-23 13:43:48,067 - INFO - Reconciliation Ends
2025-05-23 13:46:36,850 - INFO - --------------------------------------------
2025-05-23 13:46:36,850 - INFO - Entered Main Function...
2025-05-23 13:46:36,907 - INFO - Records found within the date range. Running reconciliation...
2025-05-23 13:46:36,908 - INFO - Entering Reconciliation for RECHARGE Service
2025-05-23 13:46:36,909 - INFO - Recharge service: Column 'REFID' renamed to 'REFID'
2025-05-23 13:46:36,909 - INFO - Fetching data from HUB for RECHARGE
2025-05-23 13:46:37,912 - ERROR - Database error in recharge_Service(): Can't reconnect until invalid transaction is rolled back.  Please rollback() fully before proceeding (Background on this error at: https://sqlalche.me/e/20/8s2b)
2025-05-23 13:46:38,559 - INFO - Filteration Starts for RECHARGE service
2025-05-23 13:46:38,560 - ERROR - Error in main(): 'SERVICE_DATE'
2025-05-23 13:46:44,421 - INFO - --------------------------------------------
2025-05-23 13:46:44,422 - INFO - Entered Main Function...
2025-05-23 13:46:44,482 - INFO - Records found within the date range. Running reconciliation...
2025-05-23 13:46:44,483 - INFO - Entering Reconciliation for RECHARGE Service
2025-05-23 13:46:44,485 - INFO - Recharge service: Column 'REFID' renamed to 'REFID'
2025-05-23 13:46:44,485 - INFO - Fetching data from HUB for RECHARGE
2025-05-23 13:46:46,748 - INFO - Fetching Data from EBO Wallet Transaction
2025-05-23 13:46:48,085 - INFO - Filteration Starts for RECHARGE service
2025-05-23 13:46:48,189 - INFO - Filteration Ends
2025-05-23 13:46:48,190 - INFO - Reconciliation Ends
2025-05-23 13:51:08,351 - INFO - --------------------------------------------
2025-05-23 13:51:08,351 - INFO - Entered Main Function...
2025-05-23 13:51:08,681 - INFO - Records found within the date range. Running reconciliation...
2025-05-23 13:51:08,682 - INFO - Entering Reconciliation for RECHARGE Service
2025-05-23 13:51:08,684 - INFO - Recharge service: Column 'REFID' renamed to 'REFID'
2025-05-23 13:51:08,684 - INFO - Fetching data from HUB for RECHARGE
2025-05-23 13:51:09,686 - ERROR - Database error in recharge_Service(): Can't reconnect until invalid transaction is rolled back.  Please rollback() fully before proceeding (Background on this error at: https://sqlalche.me/e/20/8s2b)
2025-05-23 13:51:19,838 - ERROR - Database error in recharge_Service(): (pymysql.err.OperationalError) (2003, "Can't connect to MySQL server on '192.168.1.3' (timed out)")
(Background on this error at: https://sqlalche.me/e/20/e3q8)
2025-05-23 13:51:19,839 - ERROR - Error in main(): cannot access local variable 'result' where it is not associated with a value
2025-05-23 13:51:25,635 - INFO - --------------------------------------------
2025-05-23 13:51:25,635 - INFO - Entered Main Function...
2025-05-23 13:51:25,929 - INFO - Records found within the date range. Running reconciliation...
2025-05-23 13:51:25,929 - INFO - Entering Reconciliation for RECHARGE Service
2025-05-23 13:51:25,931 - INFO - Recharge service: Column 'REFID' renamed to 'REFID'
2025-05-23 13:51:25,931 - INFO - Fetching data from HUB for RECHARGE
2025-05-23 13:51:49,869 - INFO - Fetching Data from EBO Wallet Transaction
2025-05-23 13:51:53,750 - INFO - Filteration Starts for RECHARGE service
2025-05-23 13:51:53,892 - INFO - Filteration Ends
2025-05-23 13:51:53,894 - INFO - Reconciliation Ends
2025-05-23 15:17:47,327 - INFO - --------------------------------------------
2025-05-23 15:17:47,328 - INFO - Entered Main Function...
2025-05-23 15:17:47,912 - INFO - Records found within the date range. Running reconciliation...
2025-05-23 15:17:47,913 - INFO - Entering Reconciliation for RECHARGE Service
2025-05-23 15:17:47,914 - INFO - Recharge service: Column 'REFID' renamed to 'REFID'
2025-05-23 15:17:47,914 - INFO - Fetching data from HUB for RECHARGE
2025-05-23 15:17:57,911 - ERROR - Database error in recharge_Service(): (pymysql.err.OperationalError) (2003, "Can't connect to MySQL server on '192.168.1.3' (timed out)")
(Background on this error at: https://sqlalche.me/e/20/e3q8)
2025-05-23 15:18:07,916 - ERROR - Database error in recharge_Service(): (pymysql.err.OperationalError) (2003, "Can't connect to MySQL server on '192.168.1.3' (timed out)")
(Background on this error at: https://sqlalche.me/e/20/e3q8)
2025-05-23 15:18:07,916 - INFO - Filteration Starts for RECHARGE service
2025-05-23 15:18:07,916 - ERROR - Error in main(): 'SERVICE_DATE'
2025-05-23 15:19:10,634 - INFO - --------------------------------------------
2025-05-23 15:19:10,634 - INFO - Entered Main Function...
2025-05-23 15:19:10,743 - INFO - Records found within the date range. Running reconciliation...
2025-05-23 15:19:10,744 - INFO - Entering Reconciliation for RECHARGE Service
2025-05-23 15:19:10,746 - INFO - Recharge service: Column 'REFID' renamed to 'REFID'
2025-05-23 15:19:10,747 - INFO - Fetching data from HUB for RECHARGE
2025-05-23 15:19:10,827 - INFO - Entered helper function to execute SQL with retry logic
2025-05-23 15:19:13,108 - INFO - Fetching Data from EBO Wallet Transaction
2025-05-23 15:19:13,803 - INFO - Entered helper function to execute SQL with retry logic
2025-05-23 15:19:14,305 - INFO - Filteration Starts for RECHARGE service
2025-05-23 15:19:14,533 - INFO - Filteration Ends
2025-05-23 15:19:14,534 - INFO - Reconciliation Ends
2025-05-23 18:52:27,652 - INFO - --------------------------------------------
2025-05-23 18:52:27,654 - INFO - Entered Main Function...
2025-05-23 18:52:28,052 - INFO - Records found within the date range. Running reconciliation...
2025-05-23 18:52:28,053 - INFO - Entering Reconciliation for RECHARGE Service
2025-05-23 18:52:28,054 - INFO - Recharge service: Column 'REFID' renamed to 'REFID'
2025-05-23 18:52:28,054 - ERROR - Error in main(): 'int' object is not iterable
2025-05-23 18:52:29,659 - INFO - --------------------------------------------
2025-05-23 18:52:29,659 - INFO - Entered Main Function...
2025-05-23 18:52:29,687 - INFO - Records found within the date range. Running reconciliation...
2025-05-23 18:52:29,687 - INFO - Entering Reconciliation for RECHARGE Service
2025-05-23 18:52:29,689 - INFO - Recharge service: Column 'REFID' renamed to 'REFID'
2025-05-23 18:52:29,689 - ERROR - Error in main(): 'int' object is not iterable
2025-05-23 18:52:31,076 - INFO - --------------------------------------------
2025-05-23 18:52:31,076 - INFO - Entered Main Function...
2025-05-23 18:52:31,127 - INFO - Records found within the date range. Running reconciliation...
2025-05-23 18:52:31,127 - INFO - Entering Reconciliation for RECHARGE Service
2025-05-23 18:52:31,128 - INFO - Recharge service: Column 'REFID' renamed to 'REFID'
2025-05-23 18:52:31,129 - ERROR - Error in main(): 'int' object is not iterable
2025-05-23 18:53:14,829 - INFO - --------------------------------------------
2025-05-23 18:53:14,829 - INFO - Entered Main Function...
2025-05-23 18:53:15,159 - INFO - Records found within the date range. Running reconciliation...
2025-05-23 18:53:15,159 - INFO - Entering Reconciliation for RECHARGE Service
2025-05-23 18:53:15,160 - INFO - Recharge service: Column 'REFID' renamed to 'REFID'
2025-05-23 18:53:15,160 - ERROR - Error in main(): 'int' object is not iterable
2025-05-23 18:54:47,245 - INFO - --------------------------------------------
2025-05-23 18:54:47,245 - INFO - Entered Main Function...
2025-05-23 18:54:47,563 - INFO - Records found within the date range. Running reconciliation...
2025-05-23 18:54:47,564 - INFO - Entering Reconciliation for RECHARGE Service
2025-05-23 18:54:47,564 - INFO - Recharge service: Column 'REFID' renamed to 'REFID'
2025-05-23 18:54:47,565 - INFO - Fetching data from HUB for RECHARGE
2025-05-23 18:54:47,602 - INFO - Entered helper function to execute SQL with retry logic
2025-05-23 18:54:50,179 - INFO - Fetching Data from EBO Wallet Transaction
2025-05-23 18:54:50,312 - INFO - Entered helper function to execute SQL with retry logic
2025-05-23 18:54:51,448 - INFO - Entered helper function to execute SQL with retry logic
2025-05-23 18:54:53,515 - INFO - Entered helper function to execute SQL with retry logic
2025-05-23 18:54:53,530 - ERROR - Database error in recharge_Service(): (pymysql.err.ProgrammingError) (1064, "You have an error in your SQL syntax; check the manual that corresponds to your MariaDB server version for the right syntax to use near ': start_date AND :end_date\n    GROUP BY\n        mt2.TransactionRefNum,\n      ...' at line 14")
[SQL: 
    SELECT  
        mt2.TransactionRefNum,
        ewt.MasterTransactionsId,
        MAX(CASE WHEN ewt.Description = 'Transaction - Credit' THEN 'Yes' ELSE 'No' END) AS TRANSACTION_CREDIT,
        MAX(CASE WHEN ewt.Description = 'Transaction - Debit' THEN 'Yes' ELSE 'No' END) AS TRANSACTION_DEBIT,
        MAX(CASE WHEN ewt.Description = 'Commission Added' THEN 'Yes' ELSE 'No' END) AS COMMISSION_CREDIT,
        MAX(CASE WHEN ewt.Description = 'Commission - Reversal' THEN 'Yes' ELSE 'No' END) AS COMMISSION_REVERSAL
    FROM
        ihubcore.MasterTransaction mt2
    JOIN  
        tenantinetcsc.EboWalletTransaction ewt
        ON mt2.TenantMasterTransactionId = ewt.MasterTransactionsId
    WHERE
        DATE(mt2.CreationTs) BETWEEN: start_date AND :end_date
    GROUP BY
        mt2.TransactionRefNum,
        ewt.MasterTransactionsId
    ]
[parameters: {'start_date': datetime.date(2025, 5, 22), 'end_date': datetime.date(2025, 5, 22)}]
(Background on this error at: https://sqlalche.me/e/20/f405)
2025-05-23 18:54:53,530 - WARNING - No ebo wallet data returned
2025-05-23 18:54:53,535 - INFO - Entered Tenant filtering function
2025-05-23 18:54:53,536 - INFO - Entered helper function to execute SQL with retry logic
2025-05-23 18:54:54,071 - INFO - Filteration Starts for RECHARGE service
2025-05-23 18:54:54,153 - INFO - Filteration Ends
2025-05-23 18:54:54,153 - INFO - Reconciliation Ends
2025-05-23 18:58:08,567 - INFO - --------------------------------------------
2025-05-23 18:58:08,567 - INFO - Entered Main Function...
2025-05-23 18:58:08,839 - INFO - Records found within the date range. Running reconciliation...
2025-05-23 18:58:08,839 - INFO - Entering Reconciliation for RECHARGE Service
2025-05-23 18:58:08,840 - INFO - Recharge service: Column 'REFID' renamed to 'REFID'
2025-05-23 18:58:08,840 - INFO - Fetching data from HUB for RECHARGE
2025-05-23 18:58:08,874 - INFO - Entered helper function to execute SQL with retry logic
2025-05-23 18:58:10,838 - INFO - Fetching Data from EBO Wallet Transaction
2025-05-23 18:58:10,853 - INFO - Entered helper function to execute SQL with retry logic
2025-05-23 18:58:11,857 - INFO - Entered helper function to execute SQL with retry logic
2025-05-23 18:58:13,875 - INFO - Entered helper function to execute SQL with retry logic
2025-05-23 18:58:13,884 - ERROR - Database error in recharge_Service(): (pymysql.err.ProgrammingError) (1064, "You have an error in your SQL syntax; check the manual that corresponds to your MariaDB server version for the right syntax to use near ': start_date AND '2025-05-22'\n    GROUP BY\n        mt2.TransactionRefNum,\n   ...' at line 14")
[SQL: 
    SELECT  
        mt2.TransactionRefNum,
        ewt.MasterTransactionsId,
        MAX(CASE WHEN ewt.Description = 'Transaction - Credit' THEN 'Yes' ELSE 'No' END) AS TRANSACTION_CREDIT,
        MAX(CASE WHEN ewt.Description = 'Transaction - Debit' THEN 'Yes' ELSE 'No' END) AS TRANSACTION_DEBIT,
        MAX(CASE WHEN ewt.Description = 'Commission Added' THEN 'Yes' ELSE 'No' END) AS COMMISSION_CREDIT,
        MAX(CASE WHEN ewt.Description = 'Commission - Reversal' THEN 'Yes' ELSE 'No' END) AS COMMISSION_REVERSAL
    FROM
        ihubcore.MasterTransaction mt2
    JOIN  
        tenantinetcsc.EboWalletTransaction ewt
        ON mt2.TenantMasterTransactionId = ewt.MasterTransactionsId
    WHERE
        DATE(mt2.CreationTs) BETWEEN: start_date AND %(end_date)s
    GROUP BY
        mt2.TransactionRefNum,
        ewt.MasterTransactionsId
    ]
[parameters: {'end_date': datetime.date(2025, 5, 22)}]
(Background on this error at: https://sqlalche.me/e/20/f405)
2025-05-23 18:58:13,884 - WARNING - No ebo wallet data returned
2025-05-23 18:58:13,887 - INFO - Entered Tenant filtering function
2025-05-23 18:58:13,888 - INFO - Entered helper function to execute SQL with retry logic
2025-05-23 18:58:14,238 - INFO - Filteration Starts for RECHARGE service
2025-05-23 18:58:14,324 - INFO - Filteration Ends
2025-05-23 18:58:14,324 - INFO - Reconciliation Ends
2025-05-23 18:59:48,399 - INFO - --------------------------------------------
2025-05-23 18:59:48,399 - INFO - Entered Main Function...
2025-05-23 18:59:48,761 - INFO - Records found within the date range. Running reconciliation...
2025-05-23 18:59:48,761 - INFO - Entering Reconciliation for RECHARGE Service
2025-05-23 18:59:48,762 - INFO - Recharge service: Column 'REFID' renamed to 'REFID'
2025-05-23 18:59:48,762 - INFO - Fetching data from HUB for RECHARGE
2025-05-23 18:59:48,797 - INFO - Entered helper function to execute SQL with retry logic
2025-05-23 18:59:50,783 - INFO - Fetching Data from EBO Wallet Transaction
2025-05-23 18:59:50,798 - INFO - Entered helper function to execute SQL with retry logic
2025-05-23 18:59:51,325 - INFO - Entered Tenant filtering function
2025-05-23 18:59:51,326 - INFO - Entered helper function to execute SQL with retry logic
2025-05-23 18:59:51,663 - INFO - Filteration Starts for RECHARGE service
2025-05-23 18:59:51,730 - INFO - Filteration Ends
2025-05-23 18:59:51,730 - INFO - Reconciliation Ends
2025-05-23 19:02:44,427 - INFO - --------------------------------------------
2025-05-23 19:02:44,427 - INFO - Entered Main Function...
2025-05-23 19:02:44,704 - INFO - Records found within the date range. Running reconciliation...
2025-05-23 19:02:44,704 - INFO - Entering Reconciliation for RECHARGE Service
2025-05-23 19:02:44,705 - INFO - Recharge service: Column 'REFID' renamed to 'REFID'
2025-05-23 19:02:44,705 - INFO - Fetching data from HUB for RECHARGE
2025-05-23 19:02:44,736 - INFO - Entered helper function to execute SQL with retry logic
2025-05-23 19:02:46,898 - INFO - Fetching Data from EBO Wallet Transaction
2025-05-23 19:02:46,919 - INFO - Entered helper function to execute SQL with retry logic
2025-05-23 19:02:47,488 - INFO - Entered Tenant filtering function
2025-05-23 19:02:47,488 - INFO - Entered helper function to execute SQL with retry logic
2025-05-23 19:02:47,829 - INFO - Filteration Starts for RECHARGE service
2025-05-23 19:02:47,874 - INFO - Filteration Ends
2025-05-23 19:02:47,874 - INFO - Reconciliation Ends
2025-05-23 19:02:47,893 - INFO - Result sent as API
