2025-03-26 16:26:25,318 - INFO - -----------------------------------------------
2025-03-26 16:26:25,318 - INFO - Request received to filter data
2025-03-26 16:26:25,539 - ERROR - Error in filter_data(): 'status'
2025-03-26 16:26:31,784 - INFO - -----------------------------------------------
2025-03-26 16:26:31,785 - INFO - Request received to filter data
2025-03-26 16:26:31,866 - ERROR - Error in filter_data(): 'status'
2025-03-26 16:33:55,722 - INFO - -----------------------------------------------
2025-03-26 16:33:55,722 - INFO - Request received to filter data
2025-03-26 16:33:55,798 - ERROR - Error in filter_data(): 'status'
2025-03-26 16:34:37,881 - INFO - -----------------------------------------------
2025-03-26 16:34:37,882 - INFO - Request received to filter data
2025-03-26 16:34:37,934 - ERROR - Error in filter_data(): No module named 'xlsxwriter'
2025-03-26 16:36:43,326 - INFO - -----------------------------------------------
2025-03-26 16:36:43,327 - INFO - Request received to filter data
2025-03-26 16:36:45,116 - INFO - Records found within the date range. Running reconciliation...
2025-03-26 16:36:45,116 - INFO - -----------------------------------------------------------------------------------------------------
2025-03-26 16:36:45,117 - INFO - ---------Entering Reconciliation for Recharge Service---------
2025-03-26 16:36:45,117 - INFO - ---Service mapping---
2025-03-26 16:36:46,398 - INFO - ---Filteration Starts---
2025-03-26 16:36:46,437 - INFO - ---Filteration Ends---
2025-03-26 16:36:46,437 - INFO - Reconciliation Ends
2025-03-26 16:36:46,439 - ERROR - Error in filter_data(): No module named 'xlsxwriter'
2025-03-26 16:36:59,923 - INFO - -----------------------------------------------
2025-03-26 16:36:59,923 - INFO - Request received to filter data
2025-03-26 16:37:01,523 - INFO - Records found within the date range. Running reconciliation...
2025-03-26 16:37:01,523 - INFO - -----------------------------------------------------------------------------------------------------
2025-03-26 16:37:01,523 - INFO - ---------Entering Reconciliation for Recharge Service---------
2025-03-26 16:37:01,523 - INFO - ---Service mapping---
2025-03-26 16:37:01,797 - INFO - ---Filteration Starts---
2025-03-26 16:37:01,824 - INFO - ---Filteration Ends---
2025-03-26 16:37:01,825 - INFO - Reconciliation Ends
2025-03-26 16:37:01,826 - ERROR - Error in filter_data(): No module named 'xlsxwriter'
2025-03-26 16:38:40,290 - INFO - -----------------------------------------------
2025-03-26 16:38:40,290 - INFO - Request received to filter data
2025-03-26 16:38:41,992 - INFO - Records found within the date range. Running reconciliation...
2025-03-26 16:38:41,993 - INFO - -----------------------------------------------------------------------------------------------------
2025-03-26 16:38:41,993 - INFO - ---------Entering Reconciliation for Recharge Service---------
2025-03-26 16:38:41,993 - INFO - ---Service mapping---
2025-03-26 16:38:42,514 - INFO - ---Filteration Starts---
2025-03-26 16:38:42,552 - INFO - ---Filteration Ends---
2025-03-26 16:38:42,552 - INFO - Reconciliation Ends
2025-03-26 16:38:42,881 - INFO - Report successfully exported for Recharge
2025-03-26 16:38:42,881 - INFO - --------------------------------------------------
2025-03-26 16:39:29,919 - INFO - -----------------------------------------------
2025-03-26 16:39:29,919 - INFO - Request received to filter data
2025-03-26 16:39:31,602 - INFO - Records found within the date range. Running reconciliation...
2025-03-26 16:39:31,602 - INFO - -----------------------------------------------------------------------------------------------------
2025-03-26 16:39:31,602 - INFO - ---------Entering Reconciliation for Recharge Service---------
2025-03-26 16:39:31,602 - INFO - ---Service mapping---
2025-03-26 16:39:32,319 - INFO - ---Filteration Starts---
2025-03-26 16:39:32,353 - INFO - ---Filteration Ends---
2025-03-26 16:39:32,353 - INFO - Reconciliation Ends
2025-03-26 16:39:32,519 - INFO - Report successfully exported for Recharge
2025-03-26 16:39:32,519 - INFO - --------------------------------------------------
2025-03-26 16:39:50,953 - INFO - -----------------------------------------------
2025-03-26 16:39:50,953 - INFO - Request received to filter data
2025-03-26 16:39:52,316 - WARNING - No records found within the given date range!
2025-03-26 16:42:37,345 - INFO - -----------------------------------------------
2025-03-26 16:42:37,346 - INFO - Request received to filter data
2025-03-26 16:42:38,474 - INFO - Records found within the date range. Running reconciliation...
2025-03-26 16:42:38,474 - INFO - ---------Entering Reconciliation for Recharge Service---------
2025-03-26 16:42:38,475 - INFO - ---Service mapping---
2025-03-26 16:42:39,232 - INFO - ---Filteration Starts---
2025-03-26 16:42:39,275 - INFO - ---Filteration Ends---
2025-03-26 16:42:39,276 - INFO - Reconciliation Ends
2025-03-26 16:42:39,629 - INFO - Report successfully exported for Recharge
2025-03-26 16:42:39,629 - INFO - --------------------------------------------------
2025-03-26 16:45:51,053 - INFO - ------------------------------------------------------------------------------------
2025-03-26 16:45:51,053 - INFO - Request received to filter data
2025-03-26 16:45:52,877 - INFO - Records found within the date range. Running reconciliation...
2025-03-26 16:45:52,877 - INFO - Entering Reconciliation for Recharge Service
2025-03-26 16:45:52,877 - INFO - Fetching data from HUB for Recharge
2025-03-26 16:45:53,647 - INFO - Filteration Starts
2025-03-26 16:45:53,680 - INFO - Filteration Ends
2025-03-26 16:45:53,681 - INFO - Reconciliation Ends
2025-03-26 16:45:53,954 - INFO - Report successfully exported for Recharge
2025-03-26 16:45:53,954 - INFO - ----------------------------------------------------------------------------------
2025-03-26 19:28:11,177 - INFO - ------------------------------------------------------------------------------------
2025-03-26 19:28:11,179 - INFO - Request received to filter data
