2025-03-24 18:21:43,538 - INFO - -----------------------------------------------
2025-03-24 18:21:43,539 - INFO - Request received to filter data
2025-03-24 18:21:45,324 - INFO - Records found within the date range. Running reconciliation...
2025-03-24 18:21:45,325 - INFO - -----------------------------------------------------------------------------------------------------
2025-03-24 18:21:45,325 - INFO - ---------Entering Reconciliation for Recharge Service---------
2025-03-24 18:21:45,325 - INFO - ---Service mapping---
2025-03-24 18:21:56,132 - INFO - Report successfully exported for Recharge
2025-03-24 18:21:56,132 - INFO - --------------------------------------------------
2025-03-24 18:23:41,679 - INFO - -----------------------------------------------
2025-03-24 18:23:41,679 - INFO - Request received to filter data
2025-03-24 18:23:43,662 - WARNING - No records found within the given date range!
2025-03-24 18:24:00,902 - INFO - -----------------------------------------------
2025-03-24 18:24:00,903 - INFO - Request received to filter data
2025-03-24 18:24:02,396 - INFO - Records found within the date range. Running reconciliation...
2025-03-24 18:24:02,396 - INFO - -----------------------------------------------------------------------------------------------------
2025-03-24 18:24:02,396 - INFO - ---------Entering Reconciliation for Recharge Service---------
2025-03-24 18:24:02,396 - INFO - ---Service mapping---
2025-03-24 18:24:03,627 - INFO - ---Filteration Starts---
2025-03-24 18:24:03,676 - INFO - ---Filteration Ends---
2025-03-24 18:24:03,676 - INFO - Reconciliation Ends
2025-03-24 18:24:03,677 - ERROR - Error in filter_data(): 'status'
2025-03-24 18:27:37,663 - INFO - -----------------------------------------------
2025-03-24 18:27:37,664 - INFO - Request received to filter data
2025-03-24 18:27:39,211 - INFO - Records found within the date range. Running reconciliation...
2025-03-24 18:27:39,211 - INFO - -----------------------------------------------------------------------------------------------------
2025-03-24 18:27:39,212 - INFO - ---------Entering Reconciliation for Recharge Service---------
2025-03-24 18:27:39,212 - INFO - ---Service mapping---
2025-03-24 18:27:39,850 - INFO - ---Filteration Starts---
2025-03-24 18:27:39,900 - INFO - ---Filteration Ends---
2025-03-24 18:27:39,901 - INFO - Reconciliation Ends
2025-03-24 18:27:40,196 - INFO - Report successfully exported for Recharge
2025-03-24 18:27:40,196 - INFO - --------------------------------------------------
2025-03-24 18:29:43,480 - INFO - -----------------------------------------------
2025-03-24 18:29:43,480 - INFO - Request received to filter data
2025-03-24 18:29:44,880 - WARNING - No records found within the given date range!
2025-03-24 18:30:00,104 - INFO - -----------------------------------------------
2025-03-24 18:30:00,105 - INFO - Request received to filter data
2025-03-24 18:30:01,517 - INFO - Records found within the date range. Running reconciliation...
2025-03-24 18:30:01,517 - INFO - -----------------------------------------------------------------------------------------------------
2025-03-24 18:30:01,517 - INFO - ---------Entering Reconciliation for Recharge Service---------
2025-03-24 18:30:01,517 - INFO - ---Service mapping---
2025-03-24 18:30:12,390 - INFO - -----------------------------------------------
2025-03-24 18:30:12,390 - INFO - Request received to filter data
2025-03-24 18:30:13,715 - INFO - Records found within the date range. Running reconciliation...
2025-03-24 18:30:13,716 - INFO - -----------------------------------------------------------------------------------------------------
2025-03-24 18:30:13,716 - INFO - ---------Entering Reconciliation for Recharge Service---------
2025-03-24 18:30:13,716 - INFO - ---Service mapping---
2025-03-24 18:30:23,188 - ERROR - Error in filter_data(): 'status'
2025-03-24 18:30:24,196 - ERROR - Error in filter_data(): 'status'
2025-03-24 18:30:36,020 - INFO - -----------------------------------------------
2025-03-24 18:30:36,020 - INFO - Request received to filter data
2025-03-24 18:30:37,681 - INFO - Records found within the date range. Running reconciliation...
2025-03-24 18:30:37,681 - INFO - -----------------------------------------------------------------------------------------------------
2025-03-24 18:30:37,681 - INFO - ---------Entering Reconciliation for Recharge Service---------
2025-03-24 18:30:37,681 - INFO - ---Service mapping---
2025-03-24 18:30:47,801 - ERROR - Error in filter_data(): 'status'
2025-03-24 18:31:18,922 - INFO - -----------------------------------------------
2025-03-24 18:31:18,922 - INFO - Request received to filter data
2025-03-24 18:31:20,089 - INFO - Records found within the date range. Running reconciliation...
2025-03-24 18:31:20,090 - INFO - -----------------------------------------------------------------------------------------------------
2025-03-24 18:31:20,090 - INFO - ---------Entering Reconciliation for Recharge Service---------
2025-03-24 18:31:20,090 - INFO - ---Service mapping---
2025-03-24 18:31:20,626 - INFO - ---Filteration Starts---
2025-03-24 18:31:20,652 - INFO - ---Filteration Ends---
2025-03-24 18:31:20,653 - INFO - Reconciliation Ends
2025-03-24 18:31:20,736 - INFO - Report successfully exported for Recharge
2025-03-24 18:31:20,736 - INFO - --------------------------------------------------
